[ 2016-08-01T08:59:32+08:00 ] ::1 /report/index.php/Home/Task/list_year.html
INFO: [ app_init ] --START--
INFO: Run Behavior\BuildLiteBehavior [ RunTime:0.000072s ]
INFO: [ app_init ] --END-- [ RunTime:0.028680s ]
INFO: [ app_begin ] --START--
INFO: Run Behavior\ReadHtmlCacheBehavior [ RunTime:0.032245s ]
INFO: [ app_begin ] --END-- [ RunTime:0.032614s ]
SQL: SHOW COLUMNS FROM `type` [ RunTime:0.0489s ]
SQL: SELECT * FROM `type`  [ RunTime:0.0013s ]
SQL: select task.*,type.name  from task,type where task.type_id=type.id and date_format(date_time1,'%Y')<=2016 and date_format(time_plan,'%Y')>=2016 and task.id in ( select task_id from form where student_id=5) order by date_time1 [ RunTime:0.0565s ]
INFO: [ view_parse ] --START--
INFO: [ template_filter ] --START--
INFO: Run Behavior\ContentReplaceBehavior [ RunTime:0.003784s ]
INFO: [ template_filter ] --END-- [ RunTime:0.004115s ]
INFO: Run Behavior\ParseTemplateBehavior [ RunTime:0.518919s ]
INFO: [ view_parse ] --END-- [ RunTime:0.519236s ]
INFO: [ view_filter ] --START--
INFO: Run Behavior\WriteHtmlCacheBehavior [ RunTime:0.021859s ]
INFO: [ view_filter ] --END-- [ RunTime:0.022157s ]
INFO: [ app_end ] --START--
INFO: Run Behavior\ShowPageTraceBehavior [ RunTime:0.041800s ]
INFO: [ app_end ] --END-- [ RunTime:0.044317s ]

[ 2016-08-01T08:59:39+08:00 ] ::1 /report/index.php/Home/Excel/all
INFO: [ app_init ] --START--
INFO: Run Behavior\BuildLiteBehavior [ RunTime:0.000065s ]
INFO: [ app_init ] --END-- [ RunTime:0.001074s ]
INFO: [ app_begin ] --START--
INFO: Run Behavior\ReadHtmlCacheBehavior [ RunTime:0.001182s ]
INFO: [ app_begin ] --END-- [ RunTime:0.001504s ]
SQL: select count(*) as num from task where date_format(date_time1,'%Y')<=2016 and date_format(date_time2,'%Y')>=2016 and task.id in ( select task_id from form where student_id=5) [ RunTime:0.0035s ]
SQL: select task.*,type.name as type_content from task,type where task.type_id=type.id and date_format(date_time1,'%Y')<=2016 and date_format(date_time2,'%Y')>=2016 and task.id in ( select task_id from form where student_id=5)  [ RunTime:0.0012s ]
SQL: select count(*) as num from task where date_format(date_time1,'%Y')<=2016 and date_format(date_time2,'%Y')>=2016 and task.id in ( select task_id from form where student_id=5) [ RunTime:0.0011s ]
NOTIC: [8] Undefined offset: 0 D:\wamp\www\report\Application\Home\Controller\ExcelController.class.php 第 104 行.
NOTIC: [8] Undefined offset: 0 D:\wamp\www\report\Application\Home\Controller\ExcelController.class.php 第 104 行.
NOTIC: [8] Undefined offset: 0 D:\wamp\www\report\Application\Home\Controller\ExcelController.class.php 第 104 行.
NOTIC: [8] Undefined offset: 0 D:\wamp\www\report\Application\Home\Controller\ExcelController.class.php 第 104 行.
NOTIC: [8] Undefined offset: 0 D:\wamp\www\report\Application\Home\Controller\ExcelController.class.php 第 104 行.
NOTIC: [8] Undefined offset: 0 D:\wamp\www\report\Application\Home\Controller\ExcelController.class.php 第 104 行.
SQL: select task.*,type.name as type_content from task,type where task.type_id=type.id and date_format(date_time1,'%Y')<=2016 and date_format(date_time2,'%Y')>=2016 and task.id in ( select task_id from form where student_id=5) order by task.id [ RunTime:0.0220s ]
NOTIC: [8] Undefined offset: 0 D:\wamp\www\report\Application\Home\Controller\ExcelController.class.php 第 479 行.
NOTIC: [2] Invalid argument supplied for foreach() D:\wamp\www\report\Application\Home\Controller\ExcelController.class.php 第 146 行.
SQL: select * from schedule where date_format(commit_time,'%Y')=2016 and task_id in (select id from task where  date_format(date_time1,'%Y')<=2016 and date_format(date_time2,'%Y')>=2016 and task.id in ( select task_id from form where student_id=5)) order by task_id,commit_time [ RunTime:0.0022s ]
NOTIC: [8] Undefined offset: 0 D:\wamp\www\report\Application\Home\Controller\ExcelController.class.php 第 357 行.
NOTIC: [2] Invalid argument supplied for foreach() D:\wamp\www\report\Application\Home\Controller\ExcelController.class.php 第 176 行.
NOTIC: [8] Undefined variable: last_task_id D:\wamp\www\report\Application\Home\Controller\ExcelController.class.php 第 179 行.
INFO: [ app_end ] --START--
INFO: Run Behavior\ShowPageTraceBehavior [ RunTime:0.002704s ]
INFO: [ app_end ] --END-- [ RunTime:0.003266s ]

