[ 2016-07-25T21:07:40+08:00 ] ::1 /report/
INFO: [ app_init ] --START--
INFO: Run Behavior\BuildLiteBehavior [ RunTime:0.000109s ]
INFO: [ app_init ] --END-- [ RunTime:0.018389s ]
INFO: [ app_begin ] --START--
INFO: Run Behavior\ReadHtmlCacheBehavior [ RunTime:0.023317s ]
INFO: [ app_begin ] --END-- [ RunTime:0.023537s ]
INFO: [ view_parse ] --START--
INFO: [ template_filter ] --START--
INFO: Run Behavior\ContentReplaceBehavior [ RunTime:0.000601s ]
INFO: [ template_filter ] --END-- [ RunTime:0.001145s ]
INFO: Run Behavior\ParseTemplateBehavior [ RunTime:0.227356s ]
INFO: [ view_parse ] --END-- [ RunTime:0.227618s ]
INFO: [ view_filter ] --START--
INFO: Run Behavior\WriteHtmlCacheBehavior [ RunTime:0.013847s ]
INFO: [ view_filter ] --END-- [ RunTime:0.014084s ]
INFO: [ app_end ] --START--
INFO: Run Behavior\ShowPageTraceBehavior [ RunTime:0.014397s ]
INFO: [ app_end ] --END-- [ RunTime:0.014809s ]

[ 2016-07-25T21:07:46+08:00 ] ::1 /report/index.php/Home/Login/login
INFO: [ app_init ] --START--
INFO: Run Behavior\BuildLiteBehavior [ RunTime:0.000064s ]
INFO: [ app_init ] --END-- [ RunTime:0.001015s ]
INFO: [ app_begin ] --START--
INFO: Run Behavior\ReadHtmlCacheBehavior [ RunTime:0.001502s ]
INFO: [ app_begin ] --END-- [ RunTime:0.001823s ]
INFO: [ view_parse ] --START--
INFO: [ template_filter ] --START--
INFO: Run Behavior\ContentReplaceBehavior [ RunTime:0.000671s ]
INFO: [ template_filter ] --END-- [ RunTime:0.001011s ]
INFO: Run Behavior\ParseTemplateBehavior [ RunTime:0.095232s ]
INFO: [ view_parse ] --END-- [ RunTime:0.095582s ]
INFO: [ view_filter ] --START--
INFO: Run Behavior\WriteHtmlCacheBehavior [ RunTime:0.001436s ]
INFO: [ view_filter ] --END-- [ RunTime:0.001765s ]
INFO: [ app_end ] --START--
INFO: Run Behavior\ShowPageTraceBehavior [ RunTime:0.002388s ]
INFO: [ app_end ] --END-- [ RunTime:0.002717s ]

[ 2016-07-25T21:07:46+08:00 ] ::1 /report/index.php/Home/assets/ico/favicon.ico
INFO: [ app_init ] --START--
INFO: Run Behavior\BuildLiteBehavior [ RunTime:0.000068s ]
INFO: [ app_init ] --END-- [ RunTime:0.001158s ]

[ 2016-07-25T21:07:53+08:00 ] ::1 /report/index.php/Home/Login/do_login?name=%E9%99%88%E5%BF%97%E6%81%92&password=123123
INFO: [ app_init ] --START--
INFO: Run Behavior\BuildLiteBehavior [ RunTime:0.000036s ]
INFO: [ app_init ] --END-- [ RunTime:0.000690s ]
INFO: [ app_begin ] --START--
INFO: Run Behavior\ReadHtmlCacheBehavior [ RunTime:0.000855s ]
INFO: [ app_begin ] --END-- [ RunTime:0.001080s ]
SQL: SHOW COLUMNS FROM `student` [ RunTime:0.0317s ]
SQL: SELECT * FROM `student` WHERE ( name='陈志恒' and password='123123' ) LIMIT 1   [ RunTime:0.0006s ]
INFO: [ view_parse ] --START--
INFO: [ template_filter ] --START--
INFO: Run Behavior\ContentReplaceBehavior [ RunTime:0.000100s ]
INFO: [ template_filter ] --END-- [ RunTime:0.000277s ]
INFO: Run Behavior\ParseTemplateBehavior [ RunTime:0.036361s ]
INFO: [ view_parse ] --END-- [ RunTime:0.036773s ]
INFO: [ view_filter ] --START--
INFO: Run Behavior\WriteHtmlCacheBehavior [ RunTime:0.000804s ]
INFO: [ view_filter ] --END-- [ RunTime:0.001037s ]
INFO: [ app_end ] --START--
INFO: Run Behavior\ShowPageTraceBehavior [ RunTime:0.000985s ]
INFO: [ app_end ] --END-- [ RunTime:0.001176s ]

[ 2016-07-25T21:07:54+08:00 ] ::1 /report/index.php/Home/Task/year.html
INFO: [ app_init ] --START--
INFO: Run Behavior\BuildLiteBehavior [ RunTime:0.000041s ]
INFO: [ app_init ] --END-- [ RunTime:0.000674s ]
INFO: [ app_begin ] --START--
INFO: Run Behavior\ReadHtmlCacheBehavior [ RunTime:0.000855s ]
INFO: [ app_begin ] --END-- [ RunTime:0.001039s ]
SQL: SHOW COLUMNS FROM `type` [ RunTime:0.0359s ]
SQL: SELECT * FROM `type`  [ RunTime:0.0005s ]
SQL: select task.*,type.name  from task,type where task.type_id=type.id and date_format(date_time1,'%Y')<=2016 and date_format(date_time2,'%Y')>=2016 and task.id in ( select task_id from form where student_id=1) order by date_time1 [ RunTime:0.0425s ]
INFO: [ view_parse ] --START--
INFO: [ template_filter ] --START--
INFO: Run Behavior\ContentReplaceBehavior [ RunTime:0.000334s ]
INFO: [ template_filter ] --END-- [ RunTime:0.000716s ]
INFO: Run Behavior\ParseTemplateBehavior [ RunTime:0.137965s ]
INFO: [ view_parse ] --END-- [ RunTime:0.138174s ]
INFO: [ view_filter ] --START--
INFO: Run Behavior\WriteHtmlCacheBehavior [ RunTime:0.001032s ]
INFO: [ view_filter ] --END-- [ RunTime:0.001291s ]
INFO: [ app_end ] --START--
INFO: Run Behavior\ShowPageTraceBehavior [ RunTime:0.004177s ]
INFO: [ app_end ] --END-- [ RunTime:0.004502s ]

