[ 2016-07-02T15:59:07+08:00 ] 127.0.0.1 /report/index.php/Home/Index/task.html
INFO: [ app_init ] --START--
INFO: Run Behavior\BuildLiteBehavior [ RunTime:0.000072s ]
INFO: [ app_init ] --END-- [ RunTime:0.028278s ]
INFO: [ app_begin ] --START--
INFO: Run Behavior\ReadHtmlCacheBehavior [ RunTime:0.019674s ]
INFO: [ app_begin ] --END-- [ RunTime:0.019951s ]
SQL: select * from schedule order by task_id [ RunTime:0.0009s ]
NOTIC: [8] Undefined offset: 0 D:\wamp\www\report\Application\Home\Controller\IndexController.class.php 第 61 行.
INFO: [ app_end ] --START--
INFO: Run Behavior\ShowPageTraceBehavior [ RunTime:0.015946s ]
INFO: [ app_end ] --END-- [ RunTime:0.016254s ]

[ 2016-07-02T15:59:31+08:00 ] 127.0.0.1 /report/index.php/Home/Index/task.html
INFO: [ app_init ] --START--
INFO: Run Behavior\BuildLiteBehavior [ RunTime:0.000063s ]
INFO: [ app_init ] --END-- [ RunTime:0.000701s ]
INFO: [ app_begin ] --START--
INFO: Run Behavior\ReadHtmlCacheBehavior [ RunTime:0.000663s ]
INFO: [ app_begin ] --END-- [ RunTime:0.000855s ]
SQL: select * from schedule order by task_id [ RunTime:0.0008s ]
NOTIC: [8] Undefined offset: 0 D:\wamp\www\report\Application\Home\Controller\IndexController.class.php 第 61 行.
INFO: [ app_end ] --START--
INFO: Run Behavior\ShowPageTraceBehavior [ RunTime:0.001231s ]
INFO: [ app_end ] --END-- [ RunTime:0.001457s ]

[ 2016-07-02T15:59:32+08:00 ] 127.0.0.1 /report/index.php/Home/Index/task.html
INFO: [ app_init ] --START--
INFO: Run Behavior\BuildLiteBehavior [ RunTime:0.000042s ]
INFO: [ app_init ] --END-- [ RunTime:0.000587s ]
INFO: [ app_begin ] --START--
INFO: Run Behavior\ReadHtmlCacheBehavior [ RunTime:0.000832s ]
INFO: [ app_begin ] --END-- [ RunTime:0.001028s ]
SQL: select * from schedule order by task_id [ RunTime:0.0005s ]
NOTIC: [8] Undefined offset: 0 D:\wamp\www\report\Application\Home\Controller\IndexController.class.php 第 61 行.
INFO: [ app_end ] --START--
INFO: Run Behavior\ShowPageTraceBehavior [ RunTime:0.000913s ]
INFO: [ app_end ] --END-- [ RunTime:0.001091s ]

[ 2016-07-02T15:59:32+08:00 ] 127.0.0.1 /report/index.php/Home/Index/task.html
INFO: [ app_init ] --START--
INFO: Run Behavior\BuildLiteBehavior [ RunTime:0.000042s ]
INFO: [ app_init ] --END-- [ RunTime:0.000582s ]
INFO: [ app_begin ] --START--
INFO: Run Behavior\ReadHtmlCacheBehavior [ RunTime:0.001141s ]
INFO: [ app_begin ] --END-- [ RunTime:0.001431s ]
SQL: select * from schedule order by task_id [ RunTime:0.0005s ]
NOTIC: [8] Undefined offset: 0 D:\wamp\www\report\Application\Home\Controller\IndexController.class.php 第 61 行.
INFO: [ app_end ] --START--
INFO: Run Behavior\ShowPageTraceBehavior [ RunTime:0.000923s ]
INFO: [ app_end ] --END-- [ RunTime:0.001160s ]

[ 2016-07-02T15:59:32+08:00 ] 127.0.0.1 /report/index.php/Home/Index/task.html
INFO: [ app_init ] --START--
INFO: Run Behavior\BuildLiteBehavior [ RunTime:0.000046s ]
INFO: [ app_init ] --END-- [ RunTime:0.000585s ]
INFO: [ app_begin ] --START--
INFO: Run Behavior\ReadHtmlCacheBehavior [ RunTime:0.000604s ]
INFO: [ app_begin ] --END-- [ RunTime:0.000783s ]
SQL: select * from schedule order by task_id [ RunTime:0.0005s ]
NOTIC: [8] Undefined offset: 0 D:\wamp\www\report\Application\Home\Controller\IndexController.class.php 第 61 行.
INFO: [ app_end ] --START--
INFO: Run Behavior\ShowPageTraceBehavior [ RunTime:0.000893s ]
INFO: [ app_end ] --END-- [ RunTime:0.001089s ]

[ 2016-07-02T15:59:32+08:00 ] 127.0.0.1 /report/index.php/Home/Index/task.html
INFO: [ app_init ] --START--
INFO: Run Behavior\BuildLiteBehavior [ RunTime:0.000043s ]
INFO: [ app_init ] --END-- [ RunTime:0.000608s ]
INFO: [ app_begin ] --START--
INFO: Run Behavior\ReadHtmlCacheBehavior [ RunTime:0.001065s ]
INFO: [ app_begin ] --END-- [ RunTime:0.001445s ]
SQL: select * from schedule order by task_id [ RunTime:0.0005s ]
NOTIC: [8] Undefined offset: 0 D:\wamp\www\report\Application\Home\Controller\IndexController.class.php 第 61 行.
INFO: [ app_end ] --START--
INFO: Run Behavior\ShowPageTraceBehavior [ RunTime:0.001438s ]
INFO: [ app_end ] --END-- [ RunTime:0.001716s ]

[ 2016-07-02T15:59:33+08:00 ] 127.0.0.1 /report/index.php/Home/Index/task.html
INFO: [ app_init ] --START--
INFO: Run Behavior\BuildLiteBehavior [ RunTime:0.000041s ]
INFO: [ app_init ] --END-- [ RunTime:0.000578s ]
INFO: [ app_begin ] --START--
INFO: Run Behavior\ReadHtmlCacheBehavior [ RunTime:0.000633s ]
INFO: [ app_begin ] --END-- [ RunTime:0.000824s ]
SQL: select * from schedule order by task_id [ RunTime:0.0005s ]
NOTIC: [8] Undefined offset: 0 D:\wamp\www\report\Application\Home\Controller\IndexController.class.php 第 61 行.
INFO: [ app_end ] --START--
INFO: Run Behavior\ShowPageTraceBehavior [ RunTime:0.001135s ]
INFO: [ app_end ] --END-- [ RunTime:0.001540s ]

[ 2016-07-02T15:59:33+08:00 ] 127.0.0.1 /report/index.php/Home/Index/task.html
INFO: [ app_init ] --START--
INFO: Run Behavior\BuildLiteBehavior [ RunTime:0.000071s ]
INFO: [ app_init ] --END-- [ RunTime:0.000878s ]
INFO: [ app_begin ] --START--
INFO: Run Behavior\ReadHtmlCacheBehavior [ RunTime:0.001333s ]
INFO: [ app_begin ] --END-- [ RunTime:0.001676s ]
SQL: select * from schedule order by task_id [ RunTime:0.0009s ]
NOTIC: [8] Undefined offset: 0 D:\wamp\www\report\Application\Home\Controller\IndexController.class.php 第 61 行.
INFO: [ app_end ] --START--
INFO: Run Behavior\ShowPageTraceBehavior [ RunTime:0.000973s ]
INFO: [ app_end ] --END-- [ RunTime:0.001181s ]

[ 2016-07-02T15:59:40+08:00 ] 127.0.0.1 /report/index.php/Home/Index/task.html
INFO: [ app_init ] --START--
INFO: Run Behavior\BuildLiteBehavior [ RunTime:0.000082s ]
INFO: [ app_init ] --END-- [ RunTime:0.001189s ]
INFO: [ app_begin ] --START--
INFO: Run Behavior\ReadHtmlCacheBehavior [ RunTime:0.001060s ]
INFO: [ app_begin ] --END-- [ RunTime:0.001406s ]
SQL: select * from schedule order by task_id [ RunTime:0.0011s ]
NOTIC: [8] Undefined offset: 0 D:\wamp\www\report\Application\Home\Controller\IndexController.class.php 第 61 行.
NOTIC: [8] A non well formed numeric value encountered D:\wamp\www\report\Application\Home\Controller\IndexController.class.php 第 8 行.

[ 2016-07-02T15:59:41+08:00 ] 127.0.0.1 /report/index.php/Home/Index/task.html
INFO: [ app_init ] --START--
INFO: Run Behavior\BuildLiteBehavior [ RunTime:0.000070s ]
INFO: [ app_init ] --END-- [ RunTime:0.000933s ]
INFO: [ app_begin ] --START--
INFO: Run Behavior\ReadHtmlCacheBehavior [ RunTime:0.000991s ]
INFO: [ app_begin ] --END-- [ RunTime:0.001243s ]
SQL: select * from schedule order by task_id [ RunTime:0.0006s ]
NOTIC: [8] Undefined offset: 0 D:\wamp\www\report\Application\Home\Controller\IndexController.class.php 第 61 行.
NOTIC: [8] A non well formed numeric value encountered D:\wamp\www\report\Application\Home\Controller\IndexController.class.php 第 8 行.

