[ 2016-12-29T11:38:20+08:00 ] 127.0.0.1 /report/index.php/Home/Login/login.html
INFO: [ app_init ] --START--
INFO: Run Behavior\BuildLiteBehavior [ RunTime:0.000032s ]
INFO: [ app_init ] --END-- [ RunTime:0.001728s ]
INFO: [ app_begin ] --START--
INFO: Run Behavior\ReadHtmlCacheBehavior [ RunTime:0.000635s ]
INFO: [ app_begin ] --END-- [ RunTime:0.000679s ]
INFO: [ view_parse ] --START--
INFO: [ template_filter ] --START--
INFO: Run Behavior\ContentReplaceBehavior [ RunTime:0.000648s ]
INFO: [ template_filter ] --END-- [ RunTime:0.000701s ]
INFO: Run Behavior\ParseTemplateBehavior [ RunTime:0.008173s ]
INFO: [ view_parse ] --END-- [ RunTime:0.008227s ]
INFO: [ view_filter ] --START--
INFO: Run Behavior\WriteHtmlCacheBehavior [ RunTime:0.000330s ]
INFO: [ view_filter ] --END-- [ RunTime:0.000357s ]
INFO: [ app_end ] --START--
INFO: Run Behavior\ShowPageTraceBehavior [ RunTime:0.000706s ]
INFO: [ app_end ] --END-- [ RunTime:0.000741s ]

[ 2016-12-29T11:38:28+08:00 ] 127.0.0.1 /report/index.php/Home/Login/do_login?name=%E9%99%88%E5%BF%97%E6%81%92&password=123123
INFO: [ app_init ] --START--
INFO: Run Behavior\BuildLiteBehavior [ RunTime:0.000033s ]
INFO: [ app_init ] --END-- [ RunTime:0.000601s ]
INFO: [ app_begin ] --START--
INFO: Run Behavior\ReadHtmlCacheBehavior [ RunTime:0.001039s ]
INFO: [ app_begin ] --END-- [ RunTime:0.001102s ]
SQL: SHOW COLUMNS FROM `student` [ RunTime:0.0017s ]
SQL: SELECT * FROM `student` WHERE ( name='陈志恒' and password='123123' ) LIMIT 1   [ RunTime:0.0056s ]
INFO: [ view_parse ] --START--
INFO: [ template_filter ] --START--
INFO: Run Behavior\ContentReplaceBehavior [ RunTime:0.000047s ]
INFO: [ template_filter ] --END-- [ RunTime:0.000102s ]
INFO: Run Behavior\ParseTemplateBehavior [ RunTime:0.006275s ]
INFO: [ view_parse ] --END-- [ RunTime:0.006487s ]
INFO: [ view_filter ] --START--
INFO: Run Behavior\WriteHtmlCacheBehavior [ RunTime:0.000191s ]
INFO: [ view_filter ] --END-- [ RunTime:0.000216s ]
INFO: [ app_end ] --START--
INFO: Run Behavior\ShowPageTraceBehavior [ RunTime:0.000353s ]
INFO: [ app_end ] --END-- [ RunTime:0.000385s ]

[ 2016-12-29T11:38:29+08:00 ] 127.0.0.1 /report/index.php/Home/Task/list_year.html
INFO: [ app_init ] --START--
INFO: Run Behavior\BuildLiteBehavior [ RunTime:0.000025s ]
INFO: [ app_init ] --END-- [ RunTime:0.000533s ]
INFO: [ app_begin ] --START--
INFO: Run Behavior\ReadHtmlCacheBehavior [ RunTime:0.000495s ]
INFO: [ app_begin ] --END-- [ RunTime:0.000538s ]
SQL: SHOW COLUMNS FROM `type` [ RunTime:0.0009s ]
SQL: SELECT * FROM `type`  [ RunTime:0.0004s ]
SQL: select task.*,type.name  from task,type where task.type_id=type.id and date_format(date_time1,'%Y')<=2016 and date_format(time_plan,'%Y')>=2016 and task.id in ( select task_id from form where student_id=1) order by date_time1 [ RunTime:0.0110s ]
INFO: [ view_parse ] --START--
INFO: [ template_filter ] --START--
INFO: Run Behavior\ContentReplaceBehavior [ RunTime:0.000095s ]
INFO: [ template_filter ] --END-- [ RunTime:0.000149s ]
INFO: Run Behavior\ParseTemplateBehavior [ RunTime:0.015556s ]
INFO: [ view_parse ] --END-- [ RunTime:0.015593s ]
INFO: [ view_filter ] --START--
INFO: Run Behavior\WriteHtmlCacheBehavior [ RunTime:0.000103s ]
INFO: [ view_filter ] --END-- [ RunTime:0.000124s ]
INFO: [ app_end ] --START--
INFO: Run Behavior\ShowPageTraceBehavior [ RunTime:0.000591s ]
INFO: [ app_end ] --END-- [ RunTime:0.000670s ]

[ 2016-12-29T11:38:34+08:00 ] 127.0.0.1 /report/index.php/Home/Excel/all
INFO: [ app_init ] --START--
INFO: Run Behavior\BuildLiteBehavior [ RunTime:0.000075s ]
INFO: [ app_init ] --END-- [ RunTime:0.000670s ]
INFO: [ app_begin ] --START--
INFO: Run Behavior\ReadHtmlCacheBehavior [ RunTime:0.000468s ]
INFO: [ app_begin ] --END-- [ RunTime:0.000511s ]
SQL: select count(*) as num from task where date_format(date_time1,'%Y')<=2016 and date_format(date_time2,'%Y')>=2016 and task.id in ( select task_id from form where student_id=1) [ RunTime:0.0029s ]
SQL: select task.*,type.name as type_content from task,type where task.type_id=type.id and date_format(date_time1,'%Y')<=2016 and date_format(date_time2,'%Y')>=2016 and task.id in ( select task_id from form where student_id=1)  [ RunTime:0.0005s ]
SQL: select count(*) as num from task where date_format(date_time1,'%Y')<=2016 and date_format(date_time2,'%Y')>=2016 and task.id in ( select task_id from form where student_id=1) [ RunTime:0.0002s ]
NOTIC: [8] Undefined offset: 0 /private/var/www/report/Application/Home/Controller/ExcelController.class.php 第 104 行.
NOTIC: [8] Undefined offset: 0 /private/var/www/report/Application/Home/Controller/ExcelController.class.php 第 104 行.
NOTIC: [8] Undefined offset: 0 /private/var/www/report/Application/Home/Controller/ExcelController.class.php 第 104 行.
NOTIC: [8] Undefined offset: 0 /private/var/www/report/Application/Home/Controller/ExcelController.class.php 第 104 行.
NOTIC: [8] Undefined offset: 0 /private/var/www/report/Application/Home/Controller/ExcelController.class.php 第 104 行.
NOTIC: [8] Undefined offset: 0 /private/var/www/report/Application/Home/Controller/ExcelController.class.php 第 104 行.
SQL: select task.*,type.name as type_content from task,type where task.type_id=type.id and date_format(date_time1,'%Y')<=2016 and date_format(date_time2,'%Y')>=2016 and task.id in ( select task_id from form where student_id=1) order by task.id [ RunTime:0.0006s ]
NOTIC: [8] Undefined offset: 0 /private/var/www/report/Application/Home/Controller/ExcelController.class.php 第 479 行.
NOTIC: [2] Invalid argument supplied for foreach() /private/var/www/report/Application/Home/Controller/ExcelController.class.php 第 146 行.
SQL: select * from schedule where date_format(commit_time,'%Y')=2016 and task_id in (select id from task where  date_format(date_time1,'%Y')<=2016 and date_format(date_time2,'%Y')>=2016 and task.id in ( select task_id from form where student_id=1)) order by task_id,commit_time [ RunTime:0.0027s ]
NOTIC: [8] Undefined offset: 0 /private/var/www/report/Application/Home/Controller/ExcelController.class.php 第 357 行.
NOTIC: [2] Invalid argument supplied for foreach() /private/var/www/report/Application/Home/Controller/ExcelController.class.php 第 176 行.
NOTIC: [8] Undefined variable: last_task_id /private/var/www/report/Application/Home/Controller/ExcelController.class.php 第 179 行.
INFO: [ app_end ] --START--
INFO: Run Behavior\ShowPageTraceBehavior [ RunTime:0.001032s ]
INFO: [ app_end ] --END-- [ RunTime:0.001108s ]

[ 2016-12-29T14:55:05+08:00 ] 127.0.0.1 /report/index.php/Home/Task/all
INFO: [ app_init ] --START--
INFO: Run Behavior\BuildLiteBehavior [ RunTime:0.000048s ]
INFO: [ app_init ] --END-- [ RunTime:0.000775s ]
INFO: [ app_begin ] --START--
INFO: Run Behavior\ReadHtmlCacheBehavior [ RunTime:0.000713s ]
INFO: [ app_begin ] --END-- [ RunTime:0.000764s ]
SQL: SHOW COLUMNS FROM `type` [ RunTime:0.0012s ]
SQL: SELECT * FROM `type`  [ RunTime:0.0004s ]
SQL: select task.*,type.name  from task,type where task.type_id=type.id and task.id in ( select task_id from form where student_id=1) order by date_time1 [ RunTime:0.0013s ]
INFO: [ view_parse ] --START--
INFO: [ template_filter ] --START--
INFO: Run Behavior\ContentReplaceBehavior [ RunTime:0.000113s ]
INFO: [ template_filter ] --END-- [ RunTime:0.000163s ]
INFO: Run Behavior\ParseTemplateBehavior [ RunTime:0.012521s ]
INFO: [ view_parse ] --END-- [ RunTime:0.012593s ]
INFO: [ view_filter ] --START--
INFO: Run Behavior\WriteHtmlCacheBehavior [ RunTime:0.001345s ]
INFO: [ view_filter ] --END-- [ RunTime:0.001387s ]
INFO: [ app_end ] --START--
INFO: Run Behavior\ShowPageTraceBehavior [ RunTime:0.001245s ]
INFO: [ app_end ] --END-- [ RunTime:0.002112s ]

[ 2016-12-29T14:55:07+08:00 ] 127.0.0.1 /report/index.php/Home/Task/list_year
INFO: [ app_init ] --START--
INFO: Run Behavior\BuildLiteBehavior [ RunTime:0.000030s ]
INFO: [ app_init ] --END-- [ RunTime:0.000321s ]
INFO: [ app_begin ] --START--
INFO: Run Behavior\ReadHtmlCacheBehavior [ RunTime:0.000450s ]
INFO: [ app_begin ] --END-- [ RunTime:0.000498s ]
SQL: SHOW COLUMNS FROM `type` [ RunTime:0.0018s ]
SQL: SELECT * FROM `type`  [ RunTime:0.0003s ]
SQL: select task.*,type.name  from task,type where task.type_id=type.id and date_format(date_time1,'%Y')<=2016 and date_format(time_plan,'%Y')>=2016 and task.id in ( select task_id from form where student_id=1) order by date_time1 [ RunTime:0.0009s ]
INFO: [ view_parse ] --START--
INFO: [ template_filter ] --START--
INFO: Run Behavior\ContentReplaceBehavior [ RunTime:0.000084s ]
INFO: [ template_filter ] --END-- [ RunTime:0.000142s ]
INFO: Run Behavior\ParseTemplateBehavior [ RunTime:0.008416s ]
INFO: [ view_parse ] --END-- [ RunTime:0.008457s ]
INFO: [ view_filter ] --START--
INFO: Run Behavior\WriteHtmlCacheBehavior [ RunTime:0.000106s ]
INFO: [ view_filter ] --END-- [ RunTime:0.000129s ]
INFO: [ app_end ] --START--
INFO: Run Behavior\ShowPageTraceBehavior [ RunTime:0.000620s ]
INFO: [ app_end ] --END-- [ RunTime:0.000686s ]

[ 2016-12-29T14:55:07+08:00 ] 127.0.0.1 /report/index.php/Home/Task/month
INFO: [ app_init ] --START--
INFO: Run Behavior\BuildLiteBehavior [ RunTime:0.000022s ]
INFO: [ app_init ] --END-- [ RunTime:0.000286s ]
INFO: [ app_begin ] --START--
INFO: Run Behavior\ReadHtmlCacheBehavior [ RunTime:0.000392s ]
INFO: [ app_begin ] --END-- [ RunTime:0.000431s ]
SQL: SHOW COLUMNS FROM `type` [ RunTime:0.0007s ]
SQL: SELECT * FROM `type`  [ RunTime:0.0005s ]
SQL: select task.*,type.name  from task,type where task.type_id=type.id and date_format(date_time1,'%Y-%m-%d')<='2016-12-31' and date_format(time_plan,'%Y-%m-%d')>='2016-12-01' and task.id in ( select task_id from form where student_id=1) order by date_time1 [ RunTime:0.0007s ]
INFO: [ view_parse ] --START--
INFO: [ template_filter ] --START--
INFO: Run Behavior\ContentReplaceBehavior [ RunTime:0.000069s ]
INFO: [ template_filter ] --END-- [ RunTime:0.000113s ]
INFO: Run Behavior\ParseTemplateBehavior [ RunTime:0.009235s ]
INFO: [ view_parse ] --END-- [ RunTime:0.009315s ]
INFO: [ view_filter ] --START--
INFO: Run Behavior\WriteHtmlCacheBehavior [ RunTime:0.000168s ]
INFO: [ view_filter ] --END-- [ RunTime:0.000217s ]
INFO: [ app_end ] --START--
INFO: Run Behavior\ShowPageTraceBehavior [ RunTime:0.000946s ]
INFO: [ app_end ] --END-- [ RunTime:0.001027s ]

[ 2016-12-29T14:55:09+08:00 ] 127.0.0.1 /report/index.php/Home/Task/list_year
INFO: [ app_init ] --START--
INFO: Run Behavior\BuildLiteBehavior [ RunTime:0.000020s ]
INFO: [ app_init ] --END-- [ RunTime:0.000285s ]
INFO: [ app_begin ] --START--
INFO: Run Behavior\ReadHtmlCacheBehavior [ RunTime:0.000367s ]
INFO: [ app_begin ] --END-- [ RunTime:0.000404s ]
SQL: SHOW COLUMNS FROM `type` [ RunTime:0.0005s ]
SQL: SELECT * FROM `type`  [ RunTime:0.0002s ]
SQL: select task.*,type.name  from task,type where task.type_id=type.id and date_format(date_time1,'%Y')<=2016 and date_format(time_plan,'%Y')>=2016 and task.id in ( select task_id from form where student_id=1) order by date_time1 [ RunTime:0.0045s ]
INFO: [ view_parse ] --START--
INFO: [ template_filter ] --START--
INFO: Run Behavior\ContentReplaceBehavior [ RunTime:0.000077s ]
INFO: [ template_filter ] --END-- [ RunTime:0.000143s ]
INFO: Run Behavior\ParseTemplateBehavior [ RunTime:0.007439s ]
INFO: [ view_parse ] --END-- [ RunTime:0.007480s ]
INFO: [ view_filter ] --START--
INFO: Run Behavior\WriteHtmlCacheBehavior [ RunTime:0.000099s ]
INFO: [ view_filter ] --END-- [ RunTime:0.000119s ]
INFO: [ app_end ] --START--
INFO: Run Behavior\ShowPageTraceBehavior [ RunTime:0.000563s ]
INFO: [ app_end ] --END-- [ RunTime:0.000723s ]

[ 2016-12-29T14:55:12+08:00 ] 127.0.0.1 /report/index.php/Home/Task/all
INFO: [ app_init ] --START--
INFO: Run Behavior\BuildLiteBehavior [ RunTime:0.000028s ]
INFO: [ app_init ] --END-- [ RunTime:0.000290s ]
INFO: [ app_begin ] --START--
INFO: Run Behavior\ReadHtmlCacheBehavior [ RunTime:0.000421s ]
INFO: [ app_begin ] --END-- [ RunTime:0.000461s ]
SQL: SHOW COLUMNS FROM `type` [ RunTime:0.0005s ]
SQL: SELECT * FROM `type`  [ RunTime:0.0002s ]
SQL: select task.*,type.name  from task,type where task.type_id=type.id and task.id in ( select task_id from form where student_id=1) order by date_time1 [ RunTime:0.0027s ]
INFO: [ view_parse ] --START--
INFO: [ template_filter ] --START--
INFO: Run Behavior\ContentReplaceBehavior [ RunTime:0.000078s ]
INFO: [ template_filter ] --END-- [ RunTime:0.000135s ]
INFO: Run Behavior\ParseTemplateBehavior [ RunTime:0.007871s ]
INFO: [ view_parse ] --END-- [ RunTime:0.007912s ]
INFO: [ view_filter ] --START--
INFO: Run Behavior\WriteHtmlCacheBehavior [ RunTime:0.000177s ]
INFO: [ view_filter ] --END-- [ RunTime:0.000204s ]
INFO: [ app_end ] --START--
INFO: Run Behavior\ShowPageTraceBehavior [ RunTime:0.000689s ]
INFO: [ app_end ] --END-- [ RunTime:0.000856s ]

[ 2016-12-29T14:55:14+08:00 ] 127.0.0.1 /report/index.php/Home/Form/form
INFO: [ app_init ] --START--
INFO: Run Behavior\BuildLiteBehavior [ RunTime:0.000008s ]
INFO: [ app_init ] --END-- [ RunTime:0.000177s ]
INFO: [ app_begin ] --START--
INFO: Run Behavior\ReadHtmlCacheBehavior [ RunTime:0.000264s ]
INFO: [ app_begin ] --END-- [ RunTime:0.000292s ]
SQL: select task.*,type.name  from task,type where task.type_id=type.id and task.id in (select task_id from form where task_id in (select task_id from form group by task_id having count(task_id)>1) and student_id=1) order by task.id desc [ RunTime:0.0062s ]
INFO: [ view_parse ] --START--
INFO: [ template_filter ] --START--
INFO: Run Behavior\ContentReplaceBehavior [ RunTime:0.000040s ]
INFO: [ template_filter ] --END-- [ RunTime:0.000078s ]
INFO: Run Behavior\ParseTemplateBehavior [ RunTime:0.007177s ]
INFO: [ view_parse ] --END-- [ RunTime:0.007220s ]
INFO: [ view_filter ] --START--
INFO: Run Behavior\WriteHtmlCacheBehavior [ RunTime:0.000121s ]
INFO: [ view_filter ] --END-- [ RunTime:0.000147s ]
INFO: [ app_end ] --START--
INFO: Run Behavior\ShowPageTraceBehavior [ RunTime:0.000531s ]
INFO: [ app_end ] --END-- [ RunTime:0.000569s ]

[ 2016-12-29T14:55:15+08:00 ] 127.0.0.1 /report/index.php/Home/Form/own
INFO: [ app_init ] --START--
INFO: Run Behavior\BuildLiteBehavior [ RunTime:0.000009s ]
INFO: [ app_init ] --END-- [ RunTime:0.000211s ]
INFO: [ app_begin ] --START--
INFO: Run Behavior\ReadHtmlCacheBehavior [ RunTime:0.000291s ]
INFO: [ app_begin ] --END-- [ RunTime:0.000320s ]
SQL: select task.*,type.name  from task,type where task.type_id=type.id and task.id in (select task_id from form where task_id in (select task_id from form group by task_id having count(task_id)=1) and student_id=1) order by task.id desc [ RunTime:0.0015s ]
INFO: [ view_parse ] --START--
INFO: [ template_filter ] --START--
INFO: Run Behavior\ContentReplaceBehavior [ RunTime:0.000054s ]
INFO: [ template_filter ] --END-- [ RunTime:0.000114s ]
INFO: Run Behavior\ParseTemplateBehavior [ RunTime:0.006585s ]
INFO: [ view_parse ] --END-- [ RunTime:0.006616s ]
INFO: [ view_filter ] --START--
INFO: Run Behavior\WriteHtmlCacheBehavior [ RunTime:0.000112s ]
INFO: [ view_filter ] --END-- [ RunTime:0.000133s ]
INFO: [ app_end ] --START--
INFO: Run Behavior\ShowPageTraceBehavior [ RunTime:0.000594s ]
INFO: [ app_end ] --END-- [ RunTime:0.000623s ]

[ 2016-12-29T14:55:16+08:00 ] 127.0.0.1 /report/index.php/Home/Form/form
INFO: [ app_init ] --START--
INFO: Run Behavior\BuildLiteBehavior [ RunTime:0.000008s ]
INFO: [ app_init ] --END-- [ RunTime:0.000191s ]
INFO: [ app_begin ] --START--
INFO: Run Behavior\ReadHtmlCacheBehavior [ RunTime:0.000242s ]
INFO: [ app_begin ] --END-- [ RunTime:0.000270s ]
SQL: select task.*,type.name  from task,type where task.type_id=type.id and task.id in (select task_id from form where task_id in (select task_id from form group by task_id having count(task_id)>1) and student_id=1) order by task.id desc [ RunTime:0.0008s ]
INFO: [ view_parse ] --START--
INFO: [ template_filter ] --START--
INFO: Run Behavior\ContentReplaceBehavior [ RunTime:0.000036s ]
INFO: [ template_filter ] --END-- [ RunTime:0.000095s ]
INFO: Run Behavior\ParseTemplateBehavior [ RunTime:0.006988s ]
INFO: [ view_parse ] --END-- [ RunTime:0.007021s ]
INFO: [ view_filter ] --START--
INFO: Run Behavior\WriteHtmlCacheBehavior [ RunTime:0.000109s ]
INFO: [ view_filter ] --END-- [ RunTime:0.000129s ]
INFO: [ app_end ] --START--
INFO: Run Behavior\ShowPageTraceBehavior [ RunTime:0.000602s ]
INFO: [ app_end ] --END-- [ RunTime:0.000645s ]

[ 2016-12-29T14:55:20+08:00 ] 127.0.0.1 /report/index.php/Home/verify/percent100
INFO: [ app_init ] --START--
INFO: Run Behavior\BuildLiteBehavior [ RunTime:0.000009s ]
INFO: [ app_init ] --END-- [ RunTime:0.000222s ]
INFO: [ app_begin ] --START--
INFO: Run Behavior\ReadHtmlCacheBehavior [ RunTime:0.000459s ]
INFO: [ app_begin ] --END-- [ RunTime:0.000522s ]
SQL: select task.*,type.name  from task,type where task.type_id=type.id and task.id in ( select task_id from form where student_id=1) and task.percent=100 and task.status=0 order by date_time1 [ RunTime:0.0006s ]
INFO: [ view_parse ] --START--
INFO: [ template_filter ] --START--
INFO: Run Behavior\ContentReplaceBehavior [ RunTime:0.000037s ]
INFO: [ template_filter ] --END-- [ RunTime:0.000071s ]
INFO: Run Behavior\ParseTemplateBehavior [ RunTime:0.006483s ]
INFO: [ view_parse ] --END-- [ RunTime:0.006515s ]
INFO: [ view_filter ] --START--
INFO: Run Behavior\WriteHtmlCacheBehavior [ RunTime:0.000099s ]
INFO: [ view_filter ] --END-- [ RunTime:0.000139s ]
INFO: [ app_end ] --START--
INFO: Run Behavior\ShowPageTraceBehavior [ RunTime:0.000667s ]
INFO: [ app_end ] --END-- [ RunTime:0.000699s ]

[ 2016-12-29T14:55:22+08:00 ] 127.0.0.1 /report/index.php/Home/verify/percent100
INFO: [ app_init ] --START--
INFO: Run Behavior\BuildLiteBehavior [ RunTime:0.000007s ]
INFO: [ app_init ] --END-- [ RunTime:0.000188s ]
INFO: [ app_begin ] --START--
INFO: Run Behavior\ReadHtmlCacheBehavior [ RunTime:0.000312s ]
INFO: [ app_begin ] --END-- [ RunTime:0.000344s ]
SQL: select task.*,type.name  from task,type where task.type_id=type.id and task.id in ( select task_id from form where student_id=1) and task.percent=100 and task.status=0 order by date_time1 [ RunTime:0.0005s ]
INFO: [ view_parse ] --START--
INFO: [ template_filter ] --START--
INFO: Run Behavior\ContentReplaceBehavior [ RunTime:0.000039s ]
INFO: [ template_filter ] --END-- [ RunTime:0.000088s ]
INFO: Run Behavior\ParseTemplateBehavior [ RunTime:0.005682s ]
INFO: [ view_parse ] --END-- [ RunTime:0.005709s ]
INFO: [ view_filter ] --START--
INFO: Run Behavior\WriteHtmlCacheBehavior [ RunTime:0.000104s ]
INFO: [ view_filter ] --END-- [ RunTime:0.000124s ]
INFO: [ app_end ] --START--
INFO: Run Behavior\ShowPageTraceBehavior [ RunTime:0.000569s ]
INFO: [ app_end ] --END-- [ RunTime:0.000599s ]

[ 2016-12-29T14:55:26+08:00 ] 127.0.0.1 /report/index.php/Home/verify/percent100
INFO: [ app_init ] --START--
INFO: Run Behavior\BuildLiteBehavior [ RunTime:0.000008s ]
INFO: [ app_init ] --END-- [ RunTime:0.000205s ]
INFO: [ app_begin ] --START--
INFO: Run Behavior\ReadHtmlCacheBehavior [ RunTime:0.000228s ]
INFO: [ app_begin ] --END-- [ RunTime:0.000256s ]
SQL: select task.*,type.name  from task,type where task.type_id=type.id and task.id in ( select task_id from form where student_id=1) and task.percent=100 and task.status=0 order by date_time1 [ RunTime:0.0005s ]
INFO: [ view_parse ] --START--
INFO: [ template_filter ] --START--
INFO: Run Behavior\ContentReplaceBehavior [ RunTime:0.000040s ]
INFO: [ template_filter ] --END-- [ RunTime:0.000078s ]
INFO: Run Behavior\ParseTemplateBehavior [ RunTime:0.006375s ]
INFO: [ view_parse ] --END-- [ RunTime:0.006405s ]
INFO: [ view_filter ] --START--
INFO: Run Behavior\WriteHtmlCacheBehavior [ RunTime:0.000101s ]
INFO: [ view_filter ] --END-- [ RunTime:0.000121s ]
INFO: [ app_end ] --START--
INFO: Run Behavior\ShowPageTraceBehavior [ RunTime:0.000558s ]
INFO: [ app_end ] --END-- [ RunTime:0.000586s ]

[ 2016-12-29T14:55:27+08:00 ] 127.0.0.1 /report/index.php/Home/verify/percent100
INFO: [ app_init ] --START--
INFO: Run Behavior\BuildLiteBehavior [ RunTime:0.000015s ]
INFO: [ app_init ] --END-- [ RunTime:0.000212s ]
INFO: [ app_begin ] --START--
INFO: Run Behavior\ReadHtmlCacheBehavior [ RunTime:0.000256s ]
INFO: [ app_begin ] --END-- [ RunTime:0.000285s ]
SQL: select task.*,type.name  from task,type where task.type_id=type.id and task.id in ( select task_id from form where student_id=1) and task.percent=100 and task.status=0 order by date_time1 [ RunTime:0.0025s ]
INFO: [ view_parse ] --START--
INFO: [ template_filter ] --START--
INFO: Run Behavior\ContentReplaceBehavior [ RunTime:0.000039s ]
INFO: [ template_filter ] --END-- [ RunTime:0.000082s ]
INFO: Run Behavior\ParseTemplateBehavior [ RunTime:0.007142s ]
INFO: [ view_parse ] --END-- [ RunTime:0.007179s ]
INFO: [ view_filter ] --START--
INFO: Run Behavior\WriteHtmlCacheBehavior [ RunTime:0.000171s ]
INFO: [ view_filter ] --END-- [ RunTime:0.000197s ]
INFO: [ app_end ] --START--
INFO: Run Behavior\ShowPageTraceBehavior [ RunTime:0.000511s ]
INFO: [ app_end ] --END-- [ RunTime:0.000559s ]

[ 2016-12-29T14:55:53+08:00 ] 127.0.0.1 /report/index.php/Home/verify/verifying
INFO: [ app_init ] --START--
INFO: Run Behavior\BuildLiteBehavior [ RunTime:0.000015s ]
INFO: [ app_init ] --END-- [ RunTime:0.000870s ]
INFO: [ app_begin ] --START--
INFO: Run Behavior\ReadHtmlCacheBehavior [ RunTime:0.000622s ]
INFO: [ app_begin ] --END-- [ RunTime:0.000667s ]
SQL: select task.*,type.name  from task,type where task.type_id=type.id and task.id in ( select task_id from form where student_id=1) and task.percent=100 and task.status=2 order by date_time1 [ RunTime:0.0006s ]
INFO: [ view_parse ] --START--
INFO: [ template_filter ] --START--
INFO: Run Behavior\ContentReplaceBehavior [ RunTime:0.000052s ]
INFO: [ template_filter ] --END-- [ RunTime:0.000108s ]
INFO: Run Behavior\ParseTemplateBehavior [ RunTime:0.008460s ]
INFO: [ view_parse ] --END-- [ RunTime:0.008508s ]
INFO: [ view_filter ] --START--
INFO: Run Behavior\WriteHtmlCacheBehavior [ RunTime:0.000659s ]
INFO: [ view_filter ] --END-- [ RunTime:0.000728s ]
INFO: [ app_end ] --START--
INFO: Run Behavior\ShowPageTraceBehavior [ RunTime:0.001028s ]
INFO: [ app_end ] --END-- [ RunTime:0.001130s ]

[ 2016-12-29T14:55:55+08:00 ] 127.0.0.1 /report/index.php/Home/verify/percent100
INFO: [ app_init ] --START--
INFO: Run Behavior\BuildLiteBehavior [ RunTime:0.000009s ]
INFO: [ app_init ] --END-- [ RunTime:0.000202s ]
INFO: [ app_begin ] --START--
INFO: Run Behavior\ReadHtmlCacheBehavior [ RunTime:0.000253s ]
INFO: [ app_begin ] --END-- [ RunTime:0.000281s ]
SQL: select task.*,type.name  from task,type where task.type_id=type.id and task.id in ( select task_id from form where student_id=1) and task.percent=100 and task.status=0 order by date_time1 [ RunTime:0.0005s ]
INFO: [ view_parse ] --START--
INFO: [ template_filter ] --START--
INFO: Run Behavior\ContentReplaceBehavior [ RunTime:0.000084s ]
INFO: [ template_filter ] --END-- [ RunTime:0.000273s ]
INFO: Run Behavior\ParseTemplateBehavior [ RunTime:0.007067s ]
INFO: [ view_parse ] --END-- [ RunTime:0.007102s ]
INFO: [ view_filter ] --START--
INFO: Run Behavior\WriteHtmlCacheBehavior [ RunTime:0.000123s ]
INFO: [ view_filter ] --END-- [ RunTime:0.000143s ]
INFO: [ app_end ] --START--
INFO: Run Behavior\ShowPageTraceBehavior [ RunTime:0.000605s ]
INFO: [ app_end ] --END-- [ RunTime:0.000641s ]

[ 2016-12-29T14:55:57+08:00 ] 127.0.0.1 /report/index.php/Home/verify/verifying
INFO: [ app_init ] --START--
INFO: Run Behavior\BuildLiteBehavior [ RunTime:0.000008s ]
INFO: [ app_init ] --END-- [ RunTime:0.000202s ]
INFO: [ app_begin ] --START--
INFO: Run Behavior\ReadHtmlCacheBehavior [ RunTime:0.000564s ]
INFO: [ app_begin ] --END-- [ RunTime:0.000602s ]
SQL: select task.*,type.name  from task,type where task.type_id=type.id and task.id in ( select task_id from form where student_id=1) and task.percent=100 and task.status=2 order by date_time1 [ RunTime:0.0004s ]
INFO: [ view_parse ] --START--
INFO: [ template_filter ] --START--
INFO: Run Behavior\ContentReplaceBehavior [ RunTime:0.000035s ]
INFO: [ template_filter ] --END-- [ RunTime:0.000069s ]
INFO: Run Behavior\ParseTemplateBehavior [ RunTime:0.006060s ]
INFO: [ view_parse ] --END-- [ RunTime:0.006089s ]
INFO: [ view_filter ] --START--
INFO: Run Behavior\WriteHtmlCacheBehavior [ RunTime:0.000093s ]
INFO: [ view_filter ] --END-- [ RunTime:0.000113s ]
INFO: [ app_end ] --START--
INFO: Run Behavior\ShowPageTraceBehavior [ RunTime:0.000514s ]
INFO: [ app_end ] --END-- [ RunTime:0.000565s ]

[ 2016-12-29T14:55:59+08:00 ] 127.0.0.1 /report/index.php/Home/verify/finish
INFO: [ app_init ] --START--
INFO: Run Behavior\BuildLiteBehavior [ RunTime:0.000011s ]
INFO: [ app_init ] --END-- [ RunTime:0.000246s ]
INFO: [ app_begin ] --START--
INFO: Run Behavior\ReadHtmlCacheBehavior [ RunTime:0.000415s ]
INFO: [ app_begin ] --END-- [ RunTime:0.000461s ]
SQL: select task.*,type.name  from task,type where task.type_id=type.id and task.id in ( select task_id from form where student_id=1) and task.percent=100 and (task.status=3 or task.status=1) order by date_time1 [ RunTime:0.0005s ]
INFO: [ view_parse ] --START--
INFO: [ template_filter ] --START--
INFO: Run Behavior\ContentReplaceBehavior [ RunTime:0.000037s ]
INFO: [ template_filter ] --END-- [ RunTime:0.000074s ]
INFO: Run Behavior\ParseTemplateBehavior [ RunTime:0.005686s ]
INFO: [ view_parse ] --END-- [ RunTime:0.005726s ]
INFO: [ view_filter ] --START--
INFO: Run Behavior\WriteHtmlCacheBehavior [ RunTime:0.000147s ]
INFO: [ view_filter ] --END-- [ RunTime:0.000176s ]
INFO: [ app_end ] --START--
INFO: Run Behavior\ShowPageTraceBehavior [ RunTime:0.000568s ]
INFO: [ app_end ] --END-- [ RunTime:0.000600s ]

[ 2016-12-29T14:56:40+08:00 ] 127.0.0.1 /report/index.php/Home/verify/finish
INFO: [ app_init ] --START--
INFO: Run Behavior\BuildLiteBehavior [ RunTime:0.000025s ]
INFO: [ app_init ] --END-- [ RunTime:0.000537s ]
INFO: [ app_begin ] --START--
INFO: Run Behavior\ReadHtmlCacheBehavior [ RunTime:0.000581s ]
INFO: [ app_begin ] --END-- [ RunTime:0.000615s ]
SQL: select task.*,type.name  from task,type where task.type_id=type.id and task.id in ( select task_id from form where student_id=1) and task.percent=100 and (task.status=3 or task.status=1) order by date_time1 [ RunTime:0.0004s ]
INFO: [ view_parse ] --START--
INFO: [ template_filter ] --START--
INFO: Run Behavior\ContentReplaceBehavior [ RunTime:0.000035s ]
INFO: [ template_filter ] --END-- [ RunTime:0.000077s ]
INFO: Run Behavior\ParseTemplateBehavior [ RunTime:0.008328s ]
INFO: [ view_parse ] --END-- [ RunTime:0.008364s ]
INFO: [ view_filter ] --START--
INFO: Run Behavior\WriteHtmlCacheBehavior [ RunTime:0.000401s ]
INFO: [ view_filter ] --END-- [ RunTime:0.000428s ]
INFO: [ app_end ] --START--
INFO: Run Behavior\ShowPageTraceBehavior [ RunTime:0.000861s ]
INFO: [ app_end ] --END-- [ RunTime:0.000926s ]

[ 2016-12-29T14:56:44+08:00 ] 127.0.0.1 /report/index.php/Home/Excel/all
INFO: [ app_init ] --START--
INFO: Run Behavior\BuildLiteBehavior [ RunTime:0.000031s ]
INFO: [ app_init ] --END-- [ RunTime:0.000649s ]
INFO: [ app_begin ] --START--
INFO: Run Behavior\ReadHtmlCacheBehavior [ RunTime:0.000328s ]
INFO: [ app_begin ] --END-- [ RunTime:0.000366s ]
SQL: select count(*) as num from task where date_format(date_time1,'%Y')<=2016 and date_format(date_time2,'%Y')>=2016 and task.id in ( select task_id from form where student_id=1) [ RunTime:0.0004s ]
SQL: select task.*,type.name as type_content from task,type where task.type_id=type.id and date_format(date_time1,'%Y')<=2016 and date_format(date_time2,'%Y')>=2016 and task.id in ( select task_id from form where student_id=1)  [ RunTime:0.0008s ]
SQL: select count(*) as num from task where date_format(date_time1,'%Y')<=2016 and date_format(date_time2,'%Y')>=2016 and task.id in ( select task_id from form where student_id=1) [ RunTime:0.0003s ]
NOTIC: [8] Undefined offset: 0 /private/var/www/report/Application/Home/Controller/ExcelController.class.php 第 104 行.
NOTIC: [8] Undefined offset: 0 /private/var/www/report/Application/Home/Controller/ExcelController.class.php 第 104 行.
NOTIC: [8] Undefined offset: 0 /private/var/www/report/Application/Home/Controller/ExcelController.class.php 第 104 行.
NOTIC: [8] Undefined offset: 0 /private/var/www/report/Application/Home/Controller/ExcelController.class.php 第 104 行.
NOTIC: [8] Undefined offset: 0 /private/var/www/report/Application/Home/Controller/ExcelController.class.php 第 104 行.
NOTIC: [8] Undefined offset: 0 /private/var/www/report/Application/Home/Controller/ExcelController.class.php 第 104 行.
SQL: select task.*,type.name as type_content from task,type where task.type_id=type.id and date_format(date_time1,'%Y')<=2016 and date_format(date_time2,'%Y')>=2016 and task.id in ( select task_id from form where student_id=1) order by task.id [ RunTime:0.0005s ]
NOTIC: [8] Undefined offset: 0 /private/var/www/report/Application/Home/Controller/ExcelController.class.php 第 479 行.
NOTIC: [2] Invalid argument supplied for foreach() /private/var/www/report/Application/Home/Controller/ExcelController.class.php 第 146 行.
SQL: select * from schedule where date_format(commit_time,'%Y')=2016 and task_id in (select id from task where  date_format(date_time1,'%Y')<=2016 and date_format(date_time2,'%Y')>=2016 and task.id in ( select task_id from form where student_id=1)) order by task_id,commit_time [ RunTime:0.0021s ]
NOTIC: [8] Undefined offset: 0 /private/var/www/report/Application/Home/Controller/ExcelController.class.php 第 357 行.
NOTIC: [2] Invalid argument supplied for foreach() /private/var/www/report/Application/Home/Controller/ExcelController.class.php 第 176 行.
NOTIC: [8] Undefined variable: last_task_id /private/var/www/report/Application/Home/Controller/ExcelController.class.php 第 179 行.
INFO: [ app_end ] --START--
INFO: Run Behavior\ShowPageTraceBehavior [ RunTime:0.002041s ]
INFO: [ app_end ] --END-- [ RunTime:0.002138s ]

[ 2016-12-29T14:56:57+08:00 ] 127.0.0.1 /report/index.php/Home/Student/info
INFO: [ app_init ] --START--
INFO: Run Behavior\BuildLiteBehavior [ RunTime:0.000009s ]
INFO: [ app_init ] --END-- [ RunTime:0.000316s ]
INFO: [ app_begin ] --START--
INFO: Run Behavior\ReadHtmlCacheBehavior [ RunTime:0.000281s ]
INFO: [ app_begin ] --END-- [ RunTime:0.000320s ]
INFO: [ view_parse ] --START--
INFO: [ template_filter ] --START--
INFO: Run Behavior\ContentReplaceBehavior [ RunTime:0.000058s ]
INFO: [ template_filter ] --END-- [ RunTime:0.000140s ]
INFO: Run Behavior\ParseTemplateBehavior [ RunTime:0.005789s ]
INFO: [ view_parse ] --END-- [ RunTime:0.005848s ]
INFO: [ view_filter ] --START--
INFO: Run Behavior\WriteHtmlCacheBehavior [ RunTime:0.000151s ]
INFO: [ view_filter ] --END-- [ RunTime:0.000175s ]
INFO: [ app_end ] --START--
INFO: Run Behavior\ShowPageTraceBehavior [ RunTime:0.000761s ]
INFO: [ app_end ] --END-- [ RunTime:0.000816s ]

[ 2016-12-29T14:56:59+08:00 ] 127.0.0.1 /report/index.php/Home/Excel/check
INFO: [ app_init ] --START--
INFO: Run Behavior\BuildLiteBehavior [ RunTime:0.000008s ]
INFO: [ app_init ] --END-- [ RunTime:0.000203s ]
INFO: [ app_begin ] --START--
INFO: Run Behavior\ReadHtmlCacheBehavior [ RunTime:0.000248s ]
INFO: [ app_begin ] --END-- [ RunTime:0.000277s ]
INFO: [ view_parse ] --START--
INFO: [ template_filter ] --START--
INFO: Run Behavior\ContentReplaceBehavior [ RunTime:0.000039s ]
INFO: [ template_filter ] --END-- [ RunTime:0.000087s ]
INFO: Run Behavior\ParseTemplateBehavior [ RunTime:0.007289s ]
INFO: [ view_parse ] --END-- [ RunTime:0.007328s ]
INFO: [ view_filter ] --START--
INFO: Run Behavior\WriteHtmlCacheBehavior [ RunTime:0.000105s ]
INFO: [ view_filter ] --END-- [ RunTime:0.000126s ]
INFO: [ app_end ] --START--
INFO: Run Behavior\ShowPageTraceBehavior [ RunTime:0.000637s ]
INFO: [ app_end ] --END-- [ RunTime:0.000760s ]

[ 2016-12-29T14:57:01+08:00 ] 127.0.0.1 /report/index.php/Home/Excel/all
INFO: [ app_init ] --START--
INFO: Run Behavior\BuildLiteBehavior [ RunTime:0.000011s ]
INFO: [ app_init ] --END-- [ RunTime:0.000224s ]
INFO: [ app_begin ] --START--
INFO: Run Behavior\ReadHtmlCacheBehavior [ RunTime:0.000406s ]
INFO: [ app_begin ] --END-- [ RunTime:0.000444s ]
SQL: select count(*) as num from task where date_format(date_time1,'%Y')<=2016 and date_format(date_time2,'%Y')>=2016 and task.id in ( select task_id from form where student_id=1) [ RunTime:0.0004s ]
SQL: select task.*,type.name as type_content from task,type where task.type_id=type.id and date_format(date_time1,'%Y')<=2016 and date_format(date_time2,'%Y')>=2016 and task.id in ( select task_id from form where student_id=1)  [ RunTime:0.0006s ]
SQL: select count(*) as num from task where date_format(date_time1,'%Y')<=2016 and date_format(date_time2,'%Y')>=2016 and task.id in ( select task_id from form where student_id=1) [ RunTime:0.0004s ]
NOTIC: [8] Undefined offset: 0 /private/var/www/report/Application/Home/Controller/ExcelController.class.php 第 104 行.
NOTIC: [8] Undefined offset: 0 /private/var/www/report/Application/Home/Controller/ExcelController.class.php 第 104 行.
NOTIC: [8] Undefined offset: 0 /private/var/www/report/Application/Home/Controller/ExcelController.class.php 第 104 行.
NOTIC: [8] Undefined offset: 0 /private/var/www/report/Application/Home/Controller/ExcelController.class.php 第 104 行.
NOTIC: [8] Undefined offset: 0 /private/var/www/report/Application/Home/Controller/ExcelController.class.php 第 104 行.
NOTIC: [8] Undefined offset: 0 /private/var/www/report/Application/Home/Controller/ExcelController.class.php 第 104 行.
SQL: select task.*,type.name as type_content from task,type where task.type_id=type.id and date_format(date_time1,'%Y')<=2016 and date_format(date_time2,'%Y')>=2016 and task.id in ( select task_id from form where student_id=1) order by task.id [ RunTime:0.0005s ]
NOTIC: [8] Undefined offset: 0 /private/var/www/report/Application/Home/Controller/ExcelController.class.php 第 479 行.
NOTIC: [2] Invalid argument supplied for foreach() /private/var/www/report/Application/Home/Controller/ExcelController.class.php 第 146 行.
SQL: select * from schedule where date_format(commit_time,'%Y')=2016 and task_id in (select id from task where  date_format(date_time1,'%Y')<=2016 and date_format(date_time2,'%Y')>=2016 and task.id in ( select task_id from form where student_id=1)) order by task_id,commit_time [ RunTime:0.0013s ]
NOTIC: [8] Undefined offset: 0 /private/var/www/report/Application/Home/Controller/ExcelController.class.php 第 357 行.
NOTIC: [2] Invalid argument supplied for foreach() /private/var/www/report/Application/Home/Controller/ExcelController.class.php 第 176 行.
NOTIC: [8] Undefined variable: last_task_id /private/var/www/report/Application/Home/Controller/ExcelController.class.php 第 179 行.
INFO: [ app_end ] --START--
INFO: Run Behavior\ShowPageTraceBehavior [ RunTime:0.001835s ]
INFO: [ app_end ] --END-- [ RunTime:0.001998s ]

[ 2016-12-29T14:57:05+08:00 ] 127.0.0.1 /report/index.php/Home/Excel/check
INFO: [ app_init ] --START--
INFO: Run Behavior\BuildLiteBehavior [ RunTime:0.000021s ]
INFO: [ app_init ] --END-- [ RunTime:0.000285s ]
INFO: [ app_begin ] --START--
INFO: Run Behavior\ReadHtmlCacheBehavior [ RunTime:0.000277s ]
INFO: [ app_begin ] --END-- [ RunTime:0.000308s ]
INFO: [ view_parse ] --START--
INFO: [ template_filter ] --START--
INFO: Run Behavior\ContentReplaceBehavior [ RunTime:0.000033s ]
INFO: [ template_filter ] --END-- [ RunTime:0.000067s ]
INFO: Run Behavior\ParseTemplateBehavior [ RunTime:0.006688s ]
INFO: [ view_parse ] --END-- [ RunTime:0.006723s ]
INFO: [ view_filter ] --START--
INFO: Run Behavior\WriteHtmlCacheBehavior [ RunTime:0.000099s ]
INFO: [ view_filter ] --END-- [ RunTime:0.000120s ]
INFO: [ app_end ] --START--
INFO: Run Behavior\ShowPageTraceBehavior [ RunTime:0.000709s ]
INFO: [ app_end ] --END-- [ RunTime:0.000750s ]

[ 2016-12-29T14:57:11+08:00 ] 127.0.0.1 /report/index.php/Home/Excel/all
INFO: [ app_init ] --START--
INFO: Run Behavior\BuildLiteBehavior [ RunTime:0.000008s ]
INFO: [ app_init ] --END-- [ RunTime:0.000185s ]
INFO: [ app_begin ] --START--
INFO: Run Behavior\ReadHtmlCacheBehavior [ RunTime:0.000242s ]
INFO: [ app_begin ] --END-- [ RunTime:0.000271s ]
SQL: select count(*) as num from task where date_format(date_time1,'%Y')<=2013 and date_format(date_time2,'%Y')>=2013 and task.id in ( select task_id from form where student_id=1) [ RunTime:0.0003s ]
NOTIC: [8] Undefined offset: 0 /private/var/www/report/ThinkPHP/Library/Vendor/PHPExcel/PHPExcel/Worksheet.php 第 1691 行.
ERR: Cell coordinate can not be zero-length string

[ 2016-12-29T14:57:16+08:00 ] 127.0.0.1 /report/index.php/Home/Task/all
INFO: [ app_init ] --START--
INFO: Run Behavior\BuildLiteBehavior [ RunTime:0.000009s ]
INFO: [ app_init ] --END-- [ RunTime:0.000209s ]
INFO: [ app_begin ] --START--
INFO: Run Behavior\ReadHtmlCacheBehavior [ RunTime:0.000491s ]
INFO: [ app_begin ] --END-- [ RunTime:0.000535s ]
SQL: SHOW COLUMNS FROM `type` [ RunTime:0.0004s ]
SQL: SELECT * FROM `type`  [ RunTime:0.0002s ]
SQL: select task.*,type.name  from task,type where task.type_id=type.id and task.id in ( select task_id from form where student_id=1) order by date_time1 [ RunTime:0.0005s ]
INFO: [ view_parse ] --START--
INFO: [ template_filter ] --START--
INFO: Run Behavior\ContentReplaceBehavior [ RunTime:0.000035s ]
INFO: [ template_filter ] --END-- [ RunTime:0.000068s ]
INFO: Run Behavior\ParseTemplateBehavior [ RunTime:0.006531s ]
INFO: [ view_parse ] --END-- [ RunTime:0.006568s ]
INFO: [ view_filter ] --START--
INFO: Run Behavior\WriteHtmlCacheBehavior [ RunTime:0.000201s ]
INFO: [ view_filter ] --END-- [ RunTime:0.000231s ]
INFO: [ app_end ] --START--
INFO: Run Behavior\ShowPageTraceBehavior [ RunTime:0.001327s ]
INFO: [ app_end ] --END-- [ RunTime:0.001373s ]

[ 2016-12-29T14:57:18+08:00 ] 127.0.0.1 /report/index.php/Home/Task/list_year
INFO: [ app_init ] --START--
INFO: Run Behavior\BuildLiteBehavior [ RunTime:0.000009s ]
INFO: [ app_init ] --END-- [ RunTime:0.000200s ]
INFO: [ app_begin ] --START--
INFO: Run Behavior\ReadHtmlCacheBehavior [ RunTime:0.000280s ]
INFO: [ app_begin ] --END-- [ RunTime:0.000309s ]
SQL: SHOW COLUMNS FROM `type` [ RunTime:0.0004s ]
SQL: SELECT * FROM `type`  [ RunTime:0.0002s ]
SQL: select task.*,type.name  from task,type where task.type_id=type.id and date_format(date_time1,'%Y')<=2016 and date_format(time_plan,'%Y')>=2016 and task.id in ( select task_id from form where student_id=1) order by date_time1 [ RunTime:0.0005s ]
INFO: [ view_parse ] --START--
INFO: [ template_filter ] --START--
INFO: Run Behavior\ContentReplaceBehavior [ RunTime:0.000043s ]
INFO: [ template_filter ] --END-- [ RunTime:0.000085s ]
INFO: Run Behavior\ParseTemplateBehavior [ RunTime:0.006167s ]
INFO: [ view_parse ] --END-- [ RunTime:0.006202s ]
INFO: [ view_filter ] --START--
INFO: Run Behavior\WriteHtmlCacheBehavior [ RunTime:0.000105s ]
INFO: [ view_filter ] --END-- [ RunTime:0.000127s ]
INFO: [ app_end ] --START--
INFO: Run Behavior\ShowPageTraceBehavior [ RunTime:0.000565s ]
INFO: [ app_end ] --END-- [ RunTime:0.000639s ]

[ 2016-12-29T14:57:19+08:00 ] 127.0.0.1 /report/index.php/Home/Task/month
INFO: [ app_init ] --START--
INFO: Run Behavior\BuildLiteBehavior [ RunTime:0.000009s ]
INFO: [ app_init ] --END-- [ RunTime:0.000206s ]
INFO: [ app_begin ] --START--
INFO: Run Behavior\ReadHtmlCacheBehavior [ RunTime:0.000253s ]
INFO: [ app_begin ] --END-- [ RunTime:0.000283s ]
SQL: SHOW COLUMNS FROM `type` [ RunTime:0.0007s ]
SQL: SELECT * FROM `type`  [ RunTime:0.0002s ]
SQL: select task.*,type.name  from task,type where task.type_id=type.id and date_format(date_time1,'%Y-%m-%d')<='2016-12-31' and date_format(time_plan,'%Y-%m-%d')>='2016-12-01' and task.id in ( select task_id from form where student_id=1) order by date_time1 [ RunTime:0.0005s ]
INFO: [ view_parse ] --START--
INFO: [ template_filter ] --START--
INFO: Run Behavior\ContentReplaceBehavior [ RunTime:0.000044s ]
INFO: [ template_filter ] --END-- [ RunTime:0.000081s ]
INFO: Run Behavior\ParseTemplateBehavior [ RunTime:0.006711s ]
INFO: [ view_parse ] --END-- [ RunTime:0.006742s ]
INFO: [ view_filter ] --START--
INFO: Run Behavior\WriteHtmlCacheBehavior [ RunTime:0.000129s ]
INFO: [ view_filter ] --END-- [ RunTime:0.000174s ]
INFO: [ app_end ] --START--
INFO: Run Behavior\ShowPageTraceBehavior [ RunTime:0.000553s ]
INFO: [ app_end ] --END-- [ RunTime:0.000582s ]

[ 2016-12-29T14:57:20+08:00 ] 127.0.0.1 /report/index.php/Home/Form/form
INFO: [ app_init ] --START--
INFO: Run Behavior\BuildLiteBehavior [ RunTime:0.000009s ]
INFO: [ app_init ] --END-- [ RunTime:0.000210s ]
INFO: [ app_begin ] --START--
INFO: Run Behavior\ReadHtmlCacheBehavior [ RunTime:0.000306s ]
INFO: [ app_begin ] --END-- [ RunTime:0.000340s ]
SQL: select task.*,type.name  from task,type where task.type_id=type.id and task.id in (select task_id from form where task_id in (select task_id from form group by task_id having count(task_id)>1) and student_id=1) order by task.id desc [ RunTime:0.0007s ]
INFO: [ view_parse ] --START--
INFO: [ template_filter ] --START--
INFO: Run Behavior\ContentReplaceBehavior [ RunTime:0.000040s ]
INFO: [ template_filter ] --END-- [ RunTime:0.000079s ]
INFO: Run Behavior\ParseTemplateBehavior [ RunTime:0.008140s ]
INFO: [ view_parse ] --END-- [ RunTime:0.008181s ]
INFO: [ view_filter ] --START--
INFO: Run Behavior\WriteHtmlCacheBehavior [ RunTime:0.000130s ]
INFO: [ view_filter ] --END-- [ RunTime:0.000152s ]
INFO: [ app_end ] --START--
INFO: Run Behavior\ShowPageTraceBehavior [ RunTime:0.000552s ]
INFO: [ app_end ] --END-- [ RunTime:0.000662s ]

[ 2016-12-29T14:57:21+08:00 ] 127.0.0.1 /report/index.php/Home/Form/own
INFO: [ app_init ] --START--
INFO: Run Behavior\BuildLiteBehavior [ RunTime:0.000011s ]
INFO: [ app_init ] --END-- [ RunTime:0.000347s ]
INFO: [ app_begin ] --START--
INFO: Run Behavior\ReadHtmlCacheBehavior [ RunTime:0.000262s ]
INFO: [ app_begin ] --END-- [ RunTime:0.000292s ]
SQL: select task.*,type.name  from task,type where task.type_id=type.id and task.id in (select task_id from form where task_id in (select task_id from form group by task_id having count(task_id)=1) and student_id=1) order by task.id desc [ RunTime:0.0007s ]
INFO: [ view_parse ] --START--
INFO: [ template_filter ] --START--
INFO: Run Behavior\ContentReplaceBehavior [ RunTime:0.000038s ]
INFO: [ template_filter ] --END-- [ RunTime:0.000080s ]
INFO: Run Behavior\ParseTemplateBehavior [ RunTime:0.006957s ]
INFO: [ view_parse ] --END-- [ RunTime:0.006988s ]
INFO: [ view_filter ] --START--
INFO: Run Behavior\WriteHtmlCacheBehavior [ RunTime:0.000113s ]
INFO: [ view_filter ] --END-- [ RunTime:0.000141s ]
INFO: [ app_end ] --START--
INFO: Run Behavior\ShowPageTraceBehavior [ RunTime:0.001121s ]
INFO: [ app_end ] --END-- [ RunTime:0.001169s ]

[ 2016-12-29T14:57:23+08:00 ] 127.0.0.1 /report/index.php/Home/verify/percent100
INFO: [ app_init ] --START--
INFO: Run Behavior\BuildLiteBehavior [ RunTime:0.000008s ]
INFO: [ app_init ] --END-- [ RunTime:0.000199s ]
INFO: [ app_begin ] --START--
INFO: Run Behavior\ReadHtmlCacheBehavior [ RunTime:0.000246s ]
INFO: [ app_begin ] --END-- [ RunTime:0.000275s ]
SQL: select task.*,type.name  from task,type where task.type_id=type.id and task.id in ( select task_id from form where student_id=1) and task.percent=100 and task.status=0 order by date_time1 [ RunTime:0.0004s ]
INFO: [ view_parse ] --START--
INFO: [ template_filter ] --START--
INFO: Run Behavior\ContentReplaceBehavior [ RunTime:0.000037s ]
INFO: [ template_filter ] --END-- [ RunTime:0.000074s ]
INFO: Run Behavior\ParseTemplateBehavior [ RunTime:0.006857s ]
INFO: [ view_parse ] --END-- [ RunTime:0.006896s ]
INFO: [ view_filter ] --START--
INFO: Run Behavior\WriteHtmlCacheBehavior [ RunTime:0.000101s ]
INFO: [ view_filter ] --END-- [ RunTime:0.000120s ]
INFO: [ app_end ] --START--
INFO: Run Behavior\ShowPageTraceBehavior [ RunTime:0.000567s ]
INFO: [ app_end ] --END-- [ RunTime:0.000598s ]

[ 2016-12-29T14:57:23+08:00 ] 127.0.0.1 /report/index.php/Home/verify/verifying
INFO: [ app_init ] --START--
INFO: Run Behavior\BuildLiteBehavior [ RunTime:0.000009s ]
INFO: [ app_init ] --END-- [ RunTime:0.000209s ]
INFO: [ app_begin ] --START--
INFO: Run Behavior\ReadHtmlCacheBehavior [ RunTime:0.000259s ]
INFO: [ app_begin ] --END-- [ RunTime:0.000289s ]
SQL: select task.*,type.name  from task,type where task.type_id=type.id and task.id in ( select task_id from form where student_id=1) and task.percent=100 and task.status=2 order by date_time1 [ RunTime:0.0004s ]
INFO: [ view_parse ] --START--
INFO: [ template_filter ] --START--
INFO: Run Behavior\ContentReplaceBehavior [ RunTime:0.000090s ]
INFO: [ template_filter ] --END-- [ RunTime:0.000133s ]
INFO: Run Behavior\ParseTemplateBehavior [ RunTime:0.007177s ]
INFO: [ view_parse ] --END-- [ RunTime:0.007219s ]
INFO: [ view_filter ] --START--
INFO: Run Behavior\WriteHtmlCacheBehavior [ RunTime:0.000099s ]
INFO: [ view_filter ] --END-- [ RunTime:0.000120s ]
INFO: [ app_end ] --START--
INFO: Run Behavior\ShowPageTraceBehavior [ RunTime:0.000697s ]
INFO: [ app_end ] --END-- [ RunTime:0.000785s ]

[ 2016-12-29T14:57:24+08:00 ] 127.0.0.1 /report/index.php/Home/verify/finish
INFO: [ app_init ] --START--
INFO: Run Behavior\BuildLiteBehavior [ RunTime:0.000008s ]
INFO: [ app_init ] --END-- [ RunTime:0.000204s ]
INFO: [ app_begin ] --START--
INFO: Run Behavior\ReadHtmlCacheBehavior [ RunTime:0.000244s ]
INFO: [ app_begin ] --END-- [ RunTime:0.000273s ]
SQL: select task.*,type.name  from task,type where task.type_id=type.id and task.id in ( select task_id from form where student_id=1) and task.percent=100 and (task.status=3 or task.status=1) order by date_time1 [ RunTime:0.0004s ]
INFO: [ view_parse ] --START--
INFO: [ template_filter ] --START--
INFO: Run Behavior\ContentReplaceBehavior [ RunTime:0.000035s ]
INFO: [ template_filter ] --END-- [ RunTime:0.000069s ]
INFO: Run Behavior\ParseTemplateBehavior [ RunTime:0.006519s ]
INFO: [ view_parse ] --END-- [ RunTime:0.006550s ]
INFO: [ view_filter ] --START--
INFO: Run Behavior\WriteHtmlCacheBehavior [ RunTime:0.000106s ]
INFO: [ view_filter ] --END-- [ RunTime:0.000126s ]
INFO: [ app_end ] --START--
INFO: Run Behavior\ShowPageTraceBehavior [ RunTime:0.000537s ]
INFO: [ app_end ] --END-- [ RunTime:0.000587s ]

[ 2016-12-29T14:57:26+08:00 ] 127.0.0.1 /report/index.php/Home/Task/all
INFO: [ app_init ] --START--
INFO: Run Behavior\BuildLiteBehavior [ RunTime:0.000009s ]
INFO: [ app_init ] --END-- [ RunTime:0.000207s ]
INFO: [ app_begin ] --START--
INFO: Run Behavior\ReadHtmlCacheBehavior [ RunTime:0.000266s ]
INFO: [ app_begin ] --END-- [ RunTime:0.000299s ]
SQL: SHOW COLUMNS FROM `type` [ RunTime:0.0004s ]
SQL: SELECT * FROM `type`  [ RunTime:0.0002s ]
SQL: select task.*,type.name  from task,type where task.type_id=type.id and task.id in ( select task_id from form where student_id=1) order by date_time1 [ RunTime:0.0006s ]
INFO: [ view_parse ] --START--
INFO: [ template_filter ] --START--
INFO: Run Behavior\ContentReplaceBehavior [ RunTime:0.000040s ]
INFO: [ template_filter ] --END-- [ RunTime:0.000073s ]
INFO: Run Behavior\ParseTemplateBehavior [ RunTime:0.006372s ]
INFO: [ view_parse ] --END-- [ RunTime:0.006408s ]
INFO: [ view_filter ] --START--
INFO: Run Behavior\WriteHtmlCacheBehavior [ RunTime:0.000105s ]
INFO: [ view_filter ] --END-- [ RunTime:0.000128s ]
INFO: [ app_end ] --START--
INFO: Run Behavior\ShowPageTraceBehavior [ RunTime:0.000537s ]
INFO: [ app_end ] --END-- [ RunTime:0.000574s ]

[ 2016-12-29T14:57:27+08:00 ] 127.0.0.1 /report/index.php/Home/Task/list_year
INFO: [ app_init ] --START--
INFO: Run Behavior\BuildLiteBehavior [ RunTime:0.000008s ]
INFO: [ app_init ] --END-- [ RunTime:0.000192s ]
INFO: [ app_begin ] --START--
INFO: Run Behavior\ReadHtmlCacheBehavior [ RunTime:0.000241s ]
INFO: [ app_begin ] --END-- [ RunTime:0.000268s ]
SQL: SHOW COLUMNS FROM `type` [ RunTime:0.0004s ]
SQL: SELECT * FROM `type`  [ RunTime:0.0002s ]
SQL: select task.*,type.name  from task,type where task.type_id=type.id and date_format(date_time1,'%Y')<=2016 and date_format(time_plan,'%Y')>=2016 and task.id in ( select task_id from form where student_id=1) order by date_time1 [ RunTime:0.0006s ]
INFO: [ view_parse ] --START--
INFO: [ template_filter ] --START--
INFO: Run Behavior\ContentReplaceBehavior [ RunTime:0.000087s ]
INFO: [ template_filter ] --END-- [ RunTime:0.000172s ]
INFO: Run Behavior\ParseTemplateBehavior [ RunTime:0.006893s ]
INFO: [ view_parse ] --END-- [ RunTime:0.006941s ]
INFO: [ view_filter ] --START--
INFO: Run Behavior\WriteHtmlCacheBehavior [ RunTime:0.000145s ]
INFO: [ view_filter ] --END-- [ RunTime:0.000173s ]
INFO: [ app_end ] --START--
INFO: Run Behavior\ShowPageTraceBehavior [ RunTime:0.000562s ]
INFO: [ app_end ] --END-- [ RunTime:0.000613s ]

[ 2016-12-29T14:57:28+08:00 ] 127.0.0.1 /report/index.php/Home/Task/month
INFO: [ app_init ] --START--
INFO: Run Behavior\BuildLiteBehavior [ RunTime:0.000009s ]
INFO: [ app_init ] --END-- [ RunTime:0.000198s ]
INFO: [ app_begin ] --START--
INFO: Run Behavior\ReadHtmlCacheBehavior [ RunTime:0.000254s ]
INFO: [ app_begin ] --END-- [ RunTime:0.000283s ]
SQL: SHOW COLUMNS FROM `type` [ RunTime:0.0004s ]
SQL: SELECT * FROM `type`  [ RunTime:0.0002s ]
SQL: select task.*,type.name  from task,type where task.type_id=type.id and date_format(date_time1,'%Y-%m-%d')<='2016-12-31' and date_format(time_plan,'%Y-%m-%d')>='2016-12-01' and task.id in ( select task_id from form where student_id=1) order by date_time1 [ RunTime:0.0004s ]
INFO: [ view_parse ] --START--
INFO: [ template_filter ] --START--
INFO: Run Behavior\ContentReplaceBehavior [ RunTime:0.000043s ]
INFO: [ template_filter ] --END-- [ RunTime:0.000072s ]
INFO: Run Behavior\ParseTemplateBehavior [ RunTime:0.005699s ]
INFO: [ view_parse ] --END-- [ RunTime:0.005731s ]
INFO: [ view_filter ] --START--
INFO: Run Behavior\WriteHtmlCacheBehavior [ RunTime:0.000093s ]
INFO: [ view_filter ] --END-- [ RunTime:0.000114s ]
INFO: [ app_end ] --START--
INFO: Run Behavior\ShowPageTraceBehavior [ RunTime:0.000778s ]
INFO: [ app_end ] --END-- [ RunTime:0.000828s ]

[ 2016-12-29T14:57:29+08:00 ] 127.0.0.1 /report/index.php/Home/Form/form
INFO: [ app_init ] --START--
INFO: Run Behavior\BuildLiteBehavior [ RunTime:0.000013s ]
INFO: [ app_init ] --END-- [ RunTime:0.000352s ]
INFO: [ app_begin ] --START--
INFO: Run Behavior\ReadHtmlCacheBehavior [ RunTime:0.000390s ]
INFO: [ app_begin ] --END-- [ RunTime:0.000427s ]
SQL: select task.*,type.name  from task,type where task.type_id=type.id and task.id in (select task_id from form where task_id in (select task_id from form group by task_id having count(task_id)>1) and student_id=1) order by task.id desc [ RunTime:0.0008s ]
INFO: [ view_parse ] --START--
INFO: [ template_filter ] --START--
INFO: Run Behavior\ContentReplaceBehavior [ RunTime:0.000044s ]
INFO: [ template_filter ] --END-- [ RunTime:0.000082s ]
INFO: Run Behavior\ParseTemplateBehavior [ RunTime:0.007792s ]
INFO: [ view_parse ] --END-- [ RunTime:0.007824s ]
INFO: [ view_filter ] --START--
INFO: Run Behavior\WriteHtmlCacheBehavior [ RunTime:0.000099s ]
INFO: [ view_filter ] --END-- [ RunTime:0.000135s ]
INFO: [ app_end ] --START--
INFO: Run Behavior\ShowPageTraceBehavior [ RunTime:0.000640s ]
INFO: [ app_end ] --END-- [ RunTime:0.000671s ]

[ 2016-12-29T14:57:30+08:00 ] 127.0.0.1 /report/index.php/Home/Form/own
INFO: [ app_init ] --START--
INFO: Run Behavior\BuildLiteBehavior [ RunTime:0.000009s ]
INFO: [ app_init ] --END-- [ RunTime:0.000198s ]
INFO: [ app_begin ] --START--
INFO: Run Behavior\ReadHtmlCacheBehavior [ RunTime:0.000246s ]
INFO: [ app_begin ] --END-- [ RunTime:0.000276s ]
SQL: select task.*,type.name  from task,type where task.type_id=type.id and task.id in (select task_id from form where task_id in (select task_id from form group by task_id having count(task_id)=1) and student_id=1) order by task.id desc [ RunTime:0.0013s ]
INFO: [ view_parse ] --START--
INFO: [ template_filter ] --START--
INFO: Run Behavior\ContentReplaceBehavior [ RunTime:0.000035s ]
INFO: [ template_filter ] --END-- [ RunTime:0.000065s ]
INFO: Run Behavior\ParseTemplateBehavior [ RunTime:0.005971s ]
INFO: [ view_parse ] --END-- [ RunTime:0.006001s ]
INFO: [ view_filter ] --START--
INFO: Run Behavior\WriteHtmlCacheBehavior [ RunTime:0.000093s ]
INFO: [ view_filter ] --END-- [ RunTime:0.000113s ]
INFO: [ app_end ] --START--
INFO: Run Behavior\ShowPageTraceBehavior [ RunTime:0.000564s ]
INFO: [ app_end ] --END-- [ RunTime:0.000600s ]

[ 2016-12-29T14:57:39+08:00 ] 127.0.0.1 /report/index.php/Home/Form/students/task_id/46
INFO: [ app_init ] --START--
INFO: Run Behavior\BuildLiteBehavior [ RunTime:0.000008s ]
INFO: [ app_init ] --END-- [ RunTime:0.000196s ]
INFO: [ app_begin ] --START--
INFO: Run Behavior\ReadHtmlCacheBehavior [ RunTime:0.000245s ]
INFO: [ app_begin ] --END-- [ RunTime:0.000272s ]
SQL: select * from student where id in(select student_id from form where task_id=46) [ RunTime:0.0041s ]
INFO: [ view_parse ] --START--
INFO: [ template_filter ] --START--
INFO: Run Behavior\ContentReplaceBehavior [ RunTime:0.000034s ]
INFO: [ template_filter ] --END-- [ RunTime:0.000067s ]
INFO: Run Behavior\ParseTemplateBehavior [ RunTime:0.006193s ]
INFO: [ view_parse ] --END-- [ RunTime:0.006224s ]
INFO: [ view_filter ] --START--
INFO: Run Behavior\WriteHtmlCacheBehavior [ RunTime:0.000092s ]
INFO: [ view_filter ] --END-- [ RunTime:0.000112s ]
INFO: [ app_end ] --START--
INFO: Run Behavior\ShowPageTraceBehavior [ RunTime:0.000607s ]
INFO: [ app_end ] --END-- [ RunTime:0.000659s ]

[ 2016-12-29T14:57:39+08:00 ] 127.0.0.1 /report/index.php/Home/Form/students/assets/ico/favicon.ico
INFO: [ app_init ] --START--
INFO: Run Behavior\BuildLiteBehavior [ RunTime:0.000007s ]
INFO: [ app_init ] --END-- [ RunTime:0.000181s ]

[ 2016-12-29T14:57:45+08:00 ] 127.0.0.1 /report/index.php/Home/Task/schedule/task_id/46
INFO: [ app_init ] --START--
INFO: Run Behavior\BuildLiteBehavior [ RunTime:0.000008s ]
INFO: [ app_init ] --END-- [ RunTime:0.000195s ]
INFO: [ app_begin ] --START--
INFO: Run Behavior\ReadHtmlCacheBehavior [ RunTime:0.000256s ]
INFO: [ app_begin ] --END-- [ RunTime:0.000287s ]
SQL: SHOW COLUMNS FROM `type` [ RunTime:0.0004s ]
SQL: SELECT * FROM `type`  [ RunTime:0.0002s ]
SQL: SHOW COLUMNS FROM `schedule` [ RunTime:0.0003s ]
SQL: select * from schedule where task_id=46 [ RunTime:0.0003s ]
INFO: [ view_parse ] --START--
INFO: [ template_filter ] --START--
INFO: Run Behavior\ContentReplaceBehavior [ RunTime:0.000037s ]
INFO: [ template_filter ] --END-- [ RunTime:0.000079s ]
INFO: Run Behavior\ParseTemplateBehavior [ RunTime:0.006985s ]
INFO: [ view_parse ] --END-- [ RunTime:0.007100s ]
INFO: [ view_filter ] --START--
INFO: Run Behavior\WriteHtmlCacheBehavior [ RunTime:0.000098s ]
INFO: [ view_filter ] --END-- [ RunTime:0.000119s ]
INFO: [ app_end ] --START--
INFO: Run Behavior\ShowPageTraceBehavior [ RunTime:0.000558s ]
INFO: [ app_end ] --END-- [ RunTime:0.000584s ]

[ 2016-12-29T14:57:45+08:00 ] 127.0.0.1 /report/index.php/Home/Task/schedule/assets/ico/favicon.ico
INFO: [ app_init ] --START--
INFO: Run Behavior\BuildLiteBehavior [ RunTime:0.000011s ]
INFO: [ app_init ] --END-- [ RunTime:0.000550s ]

[ 2016-12-29T14:58:06+08:00 ] 127.0.0.1 /report/index.php/Home/Task/content_task/task_id/46
INFO: [ app_init ] --START--
INFO: Run Behavior\BuildLiteBehavior [ RunTime:0.000008s ]
INFO: [ app_init ] --END-- [ RunTime:0.000189s ]
INFO: [ app_begin ] --START--
INFO: Run Behavior\ReadHtmlCacheBehavior [ RunTime:0.000236s ]
INFO: [ app_begin ] --END-- [ RunTime:0.000265s ]
SQL: SHOW COLUMNS FROM `type` [ RunTime:0.0004s ]
SQL: SELECT * FROM `type`  [ RunTime:0.0001s ]
SQL: select task.*,type.name from task,type where task.type_id=type.id and task.id=46 order by date_time1 [ RunTime:0.0002s ]
INFO: [ view_parse ] --START--
INFO: [ template_filter ] --START--
INFO: Run Behavior\ContentReplaceBehavior [ RunTime:0.000036s ]
INFO: [ template_filter ] --END-- [ RunTime:0.000069s ]
INFO: Run Behavior\ParseTemplateBehavior [ RunTime:0.005620s ]
INFO: [ view_parse ] --END-- [ RunTime:0.005651s ]
INFO: [ view_filter ] --START--
INFO: Run Behavior\WriteHtmlCacheBehavior [ RunTime:0.000094s ]
INFO: [ view_filter ] --END-- [ RunTime:0.000115s ]
INFO: [ app_end ] --START--
INFO: Run Behavior\ShowPageTraceBehavior [ RunTime:0.000552s ]
INFO: [ app_end ] --END-- [ RunTime:0.000579s ]

[ 2016-12-29T14:58:06+08:00 ] 127.0.0.1 /report/index.php/Home/Task/content_task/assets/ico/favicon.ico
INFO: [ app_init ] --START--
INFO: Run Behavior\BuildLiteBehavior [ RunTime:0.000008s ]
INFO: [ app_init ] --END-- [ RunTime:0.000198s ]

[ 2016-12-29T14:58:11+08:00 ] 127.0.0.1 /report/index.php/Home/Task/content_task/task_id/46
INFO: [ app_init ] --START--
INFO: Run Behavior\BuildLiteBehavior [ RunTime:0.000010s ]
INFO: [ app_init ] --END-- [ RunTime:0.000203s ]
INFO: [ app_begin ] --START--
INFO: Run Behavior\ReadHtmlCacheBehavior [ RunTime:0.000253s ]
INFO: [ app_begin ] --END-- [ RunTime:0.000282s ]
SQL: SHOW COLUMNS FROM `type` [ RunTime:0.0004s ]
SQL: SELECT * FROM `type`  [ RunTime:0.0002s ]
SQL: select task.*,type.name from task,type where task.type_id=type.id and task.id=46 order by date_time1 [ RunTime:0.0003s ]
INFO: [ view_parse ] --START--
INFO: [ template_filter ] --START--
INFO: Run Behavior\ContentReplaceBehavior [ RunTime:0.000038s ]
INFO: [ template_filter ] --END-- [ RunTime:0.000075s ]
INFO: Run Behavior\ParseTemplateBehavior [ RunTime:0.005415s ]
INFO: [ view_parse ] --END-- [ RunTime:0.005448s ]
INFO: [ view_filter ] --START--
INFO: Run Behavior\WriteHtmlCacheBehavior [ RunTime:0.000189s ]
INFO: [ view_filter ] --END-- [ RunTime:0.000217s ]
INFO: [ app_end ] --START--
INFO: Run Behavior\ShowPageTraceBehavior [ RunTime:0.000653s ]
INFO: [ app_end ] --END-- [ RunTime:0.000690s ]

[ 2016-12-29T14:59:51+08:00 ] 127.0.0.1 /report/index.php/Home/Task/all
INFO: [ app_init ] --START--
INFO: Run Behavior\BuildLiteBehavior [ RunTime:0.000011s ]
INFO: [ app_init ] --END-- [ RunTime:0.000541s ]
INFO: [ app_begin ] --START--
INFO: Run Behavior\ReadHtmlCacheBehavior [ RunTime:0.000727s ]
INFO: [ app_begin ] --END-- [ RunTime:0.000772s ]
SQL: SHOW COLUMNS FROM `type` [ RunTime:0.0004s ]
SQL: SELECT * FROM `type`  [ RunTime:0.0001s ]
SQL: select task.*,type.name  from task,type where task.type_id=type.id and task.id in ( select task_id from form where student_id=1) order by date_time1 [ RunTime:0.0004s ]
INFO: [ view_parse ] --START--
INFO: [ template_filter ] --START--
INFO: Run Behavior\ContentReplaceBehavior [ RunTime:0.000040s ]
INFO: [ template_filter ] --END-- [ RunTime:0.000076s ]
INFO: Run Behavior\ParseTemplateBehavior [ RunTime:0.009373s ]
INFO: [ view_parse ] --END-- [ RunTime:0.009409s ]
INFO: [ view_filter ] --START--
INFO: Run Behavior\WriteHtmlCacheBehavior [ RunTime:0.000476s ]
INFO: [ view_filter ] --END-- [ RunTime:0.000510s ]
INFO: [ app_end ] --START--
INFO: Run Behavior\ShowPageTraceBehavior [ RunTime:0.000889s ]
INFO: [ app_end ] --END-- [ RunTime:0.000978s ]

[ 2016-12-29T14:59:52+08:00 ] 127.0.0.1 /report/index.php/Home/Task/list_year
INFO: [ app_init ] --START--
INFO: Run Behavior\BuildLiteBehavior [ RunTime:0.000008s ]
INFO: [ app_init ] --END-- [ RunTime:0.000201s ]
INFO: [ app_begin ] --START--
INFO: Run Behavior\ReadHtmlCacheBehavior [ RunTime:0.000252s ]
INFO: [ app_begin ] --END-- [ RunTime:0.000282s ]
SQL: SHOW COLUMNS FROM `type` [ RunTime:0.0005s ]
SQL: SELECT * FROM `type`  [ RunTime:0.0003s ]
SQL: select task.*,type.name  from task,type where task.type_id=type.id and date_format(date_time1,'%Y')<=2016 and date_format(time_plan,'%Y')>=2016 and task.id in ( select task_id from form where student_id=1) order by date_time1 [ RunTime:0.0005s ]
INFO: [ view_parse ] --START--
INFO: [ template_filter ] --START--
INFO: Run Behavior\ContentReplaceBehavior [ RunTime:0.000037s ]
INFO: [ template_filter ] --END-- [ RunTime:0.000070s ]
INFO: Run Behavior\ParseTemplateBehavior [ RunTime:0.005897s ]
INFO: [ view_parse ] --END-- [ RunTime:0.005930s ]
INFO: [ view_filter ] --START--
INFO: Run Behavior\WriteHtmlCacheBehavior [ RunTime:0.000093s ]
INFO: [ view_filter ] --END-- [ RunTime:0.000115s ]
INFO: [ app_end ] --START--
INFO: Run Behavior\ShowPageTraceBehavior [ RunTime:0.000537s ]
INFO: [ app_end ] --END-- [ RunTime:0.000570s ]

[ 2016-12-29T14:59:53+08:00 ] 127.0.0.1 /report/index.php/Home/Task/month
INFO: [ app_init ] --START--
INFO: Run Behavior\BuildLiteBehavior [ RunTime:0.000008s ]
INFO: [ app_init ] --END-- [ RunTime:0.000201s ]
INFO: [ app_begin ] --START--
INFO: Run Behavior\ReadHtmlCacheBehavior [ RunTime:0.000252s ]
INFO: [ app_begin ] --END-- [ RunTime:0.000283s ]
SQL: SHOW COLUMNS FROM `type` [ RunTime:0.0004s ]
SQL: SELECT * FROM `type`  [ RunTime:0.0002s ]
SQL: select task.*,type.name  from task,type where task.type_id=type.id and date_format(date_time1,'%Y-%m-%d')<='2016-12-31' and date_format(time_plan,'%Y-%m-%d')>='2016-12-01' and task.id in ( select task_id from form where student_id=1) order by date_time1 [ RunTime:0.0005s ]
INFO: [ view_parse ] --START--
INFO: [ template_filter ] --START--
INFO: Run Behavior\ContentReplaceBehavior [ RunTime:0.000041s ]
INFO: [ template_filter ] --END-- [ RunTime:0.000074s ]
INFO: Run Behavior\ParseTemplateBehavior [ RunTime:0.006843s ]
INFO: [ view_parse ] --END-- [ RunTime:0.006875s ]
INFO: [ view_filter ] --START--
INFO: Run Behavior\WriteHtmlCacheBehavior [ RunTime:0.000094s ]
INFO: [ view_filter ] --END-- [ RunTime:0.000115s ]
INFO: [ app_end ] --START--
INFO: Run Behavior\ShowPageTraceBehavior [ RunTime:0.000518s ]
INFO: [ app_end ] --END-- [ RunTime:0.000560s ]

[ 2016-12-29T14:59:54+08:00 ] 127.0.0.1 /report/index.php/Home/Task/add_task
INFO: [ app_init ] --START--
INFO: Run Behavior\BuildLiteBehavior [ RunTime:0.000008s ]
INFO: [ app_init ] --END-- [ RunTime:0.000207s ]
INFO: [ app_begin ] --START--
INFO: Run Behavior\ReadHtmlCacheBehavior [ RunTime:0.000261s ]
INFO: [ app_begin ] --END-- [ RunTime:0.000295s ]
SQL: SHOW COLUMNS FROM `type` [ RunTime:0.0004s ]
SQL: SELECT * FROM `type`  [ RunTime:0.0002s ]
INFO: [ view_parse ] --START--
INFO: [ template_filter ] --START--
INFO: Run Behavior\ContentReplaceBehavior [ RunTime:0.000036s ]
INFO: [ template_filter ] --END-- [ RunTime:0.000069s ]
INFO: Run Behavior\ParseTemplateBehavior [ RunTime:0.006149s ]
INFO: [ view_parse ] --END-- [ RunTime:0.006195s ]
INFO: [ view_filter ] --START--
INFO: Run Behavior\WriteHtmlCacheBehavior [ RunTime:0.000114s ]
INFO: [ view_filter ] --END-- [ RunTime:0.000138s ]
INFO: [ app_end ] --START--
INFO: Run Behavior\ShowPageTraceBehavior [ RunTime:0.000597s ]
INFO: [ app_end ] --END-- [ RunTime:0.000638s ]

[ 2016-12-29T15:00:48+08:00 ] 127.0.0.1 /report/index.php/Home/Task/save_task
INFO: [ app_init ] --START--
INFO: Run Behavior\BuildLiteBehavior [ RunTime:0.000009s ]
INFO: [ app_init ] --END-- [ RunTime:0.000206s ]
INFO: [ app_begin ] --START--
INFO: Run Behavior\ReadHtmlCacheBehavior [ RunTime:0.000600s ]
INFO: [ app_begin ] --END-- [ RunTime:0.000673s ]
SQL: SHOW COLUMNS FROM `type` [ RunTime:0.0003s ]
SQL: SELECT * FROM `type`  [ RunTime:0.0002s ]
INFO: [ view_parse ] --START--
INFO: [ template_filter ] --START--
INFO: Run Behavior\ContentReplaceBehavior [ RunTime:0.000025s ]
INFO: [ template_filter ] --END-- [ RunTime:0.000059s ]
INFO: Run Behavior\ParseTemplateBehavior [ RunTime:0.003989s ]
INFO: [ view_parse ] --END-- [ RunTime:0.004049s ]
INFO: [ view_filter ] --START--
INFO: Run Behavior\WriteHtmlCacheBehavior [ RunTime:0.000109s ]
INFO: [ view_filter ] --END-- [ RunTime:0.000134s ]

[ 2016-12-29T15:00:51+08:00 ] 127.0.0.1 /report/index.php/Home/Task/list_year
INFO: [ app_init ] --START--
INFO: Run Behavior\BuildLiteBehavior [ RunTime:0.000021s ]
INFO: [ app_init ] --END-- [ RunTime:0.000302s ]
INFO: [ app_begin ] --START--
INFO: Run Behavior\ReadHtmlCacheBehavior [ RunTime:0.000392s ]
INFO: [ app_begin ] --END-- [ RunTime:0.000432s ]
SQL: SHOW COLUMNS FROM `type` [ RunTime:0.0003s ]
SQL: SELECT * FROM `type`  [ RunTime:0.0002s ]
SQL: select task.*,type.name  from task,type where task.type_id=type.id and date_format(date_time1,'%Y')<=2016 and date_format(time_plan,'%Y')>=2016 and task.id in ( select task_id from form where student_id=1) order by date_time1 [ RunTime:0.0005s ]
INFO: [ view_parse ] --START--
INFO: [ template_filter ] --START--
INFO: Run Behavior\ContentReplaceBehavior [ RunTime:0.000093s ]
INFO: [ template_filter ] --END-- [ RunTime:0.000142s ]
INFO: Run Behavior\ParseTemplateBehavior [ RunTime:0.007005s ]
INFO: [ view_parse ] --END-- [ RunTime:0.007241s ]
INFO: [ view_filter ] --START--
INFO: Run Behavior\WriteHtmlCacheBehavior [ RunTime:0.000293s ]
INFO: [ view_filter ] --END-- [ RunTime:0.000350s ]
INFO: [ app_end ] --START--
INFO: Run Behavior\ShowPageTraceBehavior [ RunTime:0.000853s ]
INFO: [ app_end ] --END-- [ RunTime:0.000901s ]

[ 2016-12-29T15:01:02+08:00 ] 127.0.0.1 /report/index.php/Home/Task/all
INFO: [ app_init ] --START--
INFO: Run Behavior\BuildLiteBehavior [ RunTime:0.000009s ]
INFO: [ app_init ] --END-- [ RunTime:0.000199s ]
INFO: [ app_begin ] --START--
INFO: Run Behavior\ReadHtmlCacheBehavior [ RunTime:0.000249s ]
INFO: [ app_begin ] --END-- [ RunTime:0.000278s ]
SQL: SHOW COLUMNS FROM `type` [ RunTime:0.0004s ]
SQL: SELECT * FROM `type`  [ RunTime:0.0002s ]
SQL: select task.*,type.name  from task,type where task.type_id=type.id and task.id in ( select task_id from form where student_id=1) order by date_time1 [ RunTime:0.0004s ]
INFO: [ view_parse ] --START--
INFO: [ template_filter ] --START--
INFO: Run Behavior\ContentReplaceBehavior [ RunTime:0.000041s ]
INFO: [ template_filter ] --END-- [ RunTime:0.000074s ]
INFO: Run Behavior\ParseTemplateBehavior [ RunTime:0.006912s ]
INFO: [ view_parse ] --END-- [ RunTime:0.006950s ]
INFO: [ view_filter ] --START--
INFO: Run Behavior\WriteHtmlCacheBehavior [ RunTime:0.000090s ]
INFO: [ view_filter ] --END-- [ RunTime:0.000112s ]
INFO: [ app_end ] --START--
INFO: Run Behavior\ShowPageTraceBehavior [ RunTime:0.001462s ]
INFO: [ app_end ] --END-- [ RunTime:0.001610s ]

[ 2016-12-29T22:49:08+08:00 ] 127.0.0.1 /report/index.php/Home/Task/list_year
INFO: [ app_init ] --START--
INFO: Run Behavior\BuildLiteBehavior [ RunTime:0.000009s ]
INFO: [ app_init ] --END-- [ RunTime:0.000553s ]
INFO: [ app_begin ] --START--
INFO: Run Behavior\ReadHtmlCacheBehavior [ RunTime:0.001040s ]
INFO: [ app_begin ] --END-- [ RunTime:0.001093s ]
INFO: [ view_parse ] --START--
INFO: [ template_filter ] --START--
INFO: Run Behavior\ContentReplaceBehavior [ RunTime:0.000030s ]
INFO: [ template_filter ] --END-- [ RunTime:0.000066s ]
INFO: Run Behavior\ParseTemplateBehavior [ RunTime:0.005169s ]
INFO: [ view_parse ] --END-- [ RunTime:0.005208s ]
INFO: [ view_filter ] --START--
INFO: Run Behavior\WriteHtmlCacheBehavior [ RunTime:0.000424s ]
INFO: [ view_filter ] --END-- [ RunTime:0.000455s ]

[ 2016-12-29T22:49:09+08:00 ] 127.0.0.1 /report/index.php/Home/Task/list_year
INFO: [ app_init ] --START--
INFO: Run Behavior\BuildLiteBehavior [ RunTime:0.000012s ]
INFO: [ app_init ] --END-- [ RunTime:0.000338s ]
INFO: [ app_begin ] --START--
INFO: Run Behavior\ReadHtmlCacheBehavior [ RunTime:0.000394s ]
INFO: [ app_begin ] --END-- [ RunTime:0.000438s ]
INFO: [ view_parse ] --START--
INFO: [ template_filter ] --START--
INFO: Run Behavior\ContentReplaceBehavior [ RunTime:0.000056s ]
INFO: [ template_filter ] --END-- [ RunTime:0.000109s ]
INFO: Run Behavior\ParseTemplateBehavior [ RunTime:0.005170s ]
INFO: [ view_parse ] --END-- [ RunTime:0.005245s ]
INFO: [ view_filter ] --START--
INFO: Run Behavior\WriteHtmlCacheBehavior [ RunTime:0.000259s ]
INFO: [ view_filter ] --END-- [ RunTime:0.000323s ]

[ 2016-12-29T22:49:11+08:00 ] 127.0.0.1 /report/index.php/Home/Task/list_year
INFO: [ app_init ] --START--
INFO: Run Behavior\BuildLiteBehavior [ RunTime:0.000012s ]
INFO: [ app_init ] --END-- [ RunTime:0.000329s ]
INFO: [ app_begin ] --START--
INFO: Run Behavior\ReadHtmlCacheBehavior [ RunTime:0.000377s ]
INFO: [ app_begin ] --END-- [ RunTime:0.000419s ]
INFO: [ view_parse ] --START--
INFO: [ template_filter ] --START--
INFO: Run Behavior\ContentReplaceBehavior [ RunTime:0.000031s ]
INFO: [ template_filter ] --END-- [ RunTime:0.000077s ]
INFO: Run Behavior\ParseTemplateBehavior [ RunTime:0.004665s ]
INFO: [ view_parse ] --END-- [ RunTime:0.004720s ]
INFO: [ view_filter ] --START--
INFO: Run Behavior\WriteHtmlCacheBehavior [ RunTime:0.000123s ]
INFO: [ view_filter ] --END-- [ RunTime:0.000144s ]

[ 2016-12-29T22:49:14+08:00 ] 127.0.0.1 /report/index.php/Home/Login/login.html
INFO: [ app_init ] --START--
INFO: Run Behavior\BuildLiteBehavior [ RunTime:0.000011s ]
INFO: [ app_init ] --END-- [ RunTime:0.000388s ]
INFO: [ app_begin ] --START--
INFO: Run Behavior\ReadHtmlCacheBehavior [ RunTime:0.000465s ]
INFO: [ app_begin ] --END-- [ RunTime:0.000505s ]
INFO: [ view_parse ] --START--
INFO: [ template_filter ] --START--
INFO: Run Behavior\ContentReplaceBehavior [ RunTime:0.000038s ]
INFO: [ template_filter ] --END-- [ RunTime:0.000090s ]
INFO: Run Behavior\ParseTemplateBehavior [ RunTime:0.005274s ]
INFO: [ view_parse ] --END-- [ RunTime:0.005392s ]
INFO: [ view_filter ] --START--
INFO: Run Behavior\WriteHtmlCacheBehavior [ RunTime:0.000125s ]
INFO: [ view_filter ] --END-- [ RunTime:0.000153s ]
INFO: [ app_end ] --START--
INFO: Run Behavior\ShowPageTraceBehavior [ RunTime:0.000914s ]
INFO: [ app_end ] --END-- [ RunTime:0.000960s ]

[ 2016-12-29T22:49:15+08:00 ] 127.0.0.1 /report/index.php/Home/Login/login.html
INFO: [ app_init ] --START--
INFO: Run Behavior\BuildLiteBehavior [ RunTime:0.000013s ]
INFO: [ app_init ] --END-- [ RunTime:0.000327s ]
INFO: [ app_begin ] --START--
INFO: Run Behavior\ReadHtmlCacheBehavior [ RunTime:0.000423s ]
INFO: [ app_begin ] --END-- [ RunTime:0.000469s ]
INFO: [ view_parse ] --START--
INFO: [ template_filter ] --START--
INFO: Run Behavior\ContentReplaceBehavior [ RunTime:0.000028s ]
INFO: [ template_filter ] --END-- [ RunTime:0.000065s ]
INFO: Run Behavior\ParseTemplateBehavior [ RunTime:0.003411s ]
INFO: [ view_parse ] --END-- [ RunTime:0.003455s ]
INFO: [ view_filter ] --START--
INFO: Run Behavior\WriteHtmlCacheBehavior [ RunTime:0.000108s ]
INFO: [ view_filter ] --END-- [ RunTime:0.000133s ]
INFO: [ app_end ] --START--
INFO: Run Behavior\ShowPageTraceBehavior [ RunTime:0.000268s ]
INFO: [ app_end ] --END-- [ RunTime:0.000296s ]

[ 2016-12-29T22:49:22+08:00 ] 127.0.0.1 /report/index.php/Home/Login/do_login?name=%E9%99%88%E5%BF%97%E6%81%92&password=123123
INFO: [ app_init ] --START--
INFO: Run Behavior\BuildLiteBehavior [ RunTime:0.000009s ]
INFO: [ app_init ] --END-- [ RunTime:0.000193s ]
INFO: [ app_begin ] --START--
INFO: Run Behavior\ReadHtmlCacheBehavior [ RunTime:0.000266s ]
INFO: [ app_begin ] --END-- [ RunTime:0.000301s ]
SQL: SHOW COLUMNS FROM `student` [ RunTime:0.0099s ]
SQL: SELECT * FROM `student` WHERE ( name='陈志恒' and password='123123' ) LIMIT 1   [ RunTime:0.0002s ]
INFO: [ view_parse ] --START--
INFO: [ template_filter ] --START--
INFO: Run Behavior\ContentReplaceBehavior [ RunTime:0.000036s ]
INFO: [ template_filter ] --END-- [ RunTime:0.000094s ]
INFO: Run Behavior\ParseTemplateBehavior [ RunTime:0.005783s ]
INFO: [ view_parse ] --END-- [ RunTime:0.005832s ]
INFO: [ view_filter ] --START--
INFO: Run Behavior\WriteHtmlCacheBehavior [ RunTime:0.000280s ]
INFO: [ view_filter ] --END-- [ RunTime:0.000341s ]
INFO: [ app_end ] --START--
INFO: Run Behavior\ShowPageTraceBehavior [ RunTime:0.000360s ]
INFO: [ app_end ] --END-- [ RunTime:0.000438s ]

[ 2016-12-29T22:49:23+08:00 ] 127.0.0.1 /report/index.php/Home/Task/list_year.html
INFO: [ app_init ] --START--
INFO: Run Behavior\BuildLiteBehavior [ RunTime:0.000012s ]
INFO: [ app_init ] --END-- [ RunTime:0.000330s ]
INFO: [ app_begin ] --START--
INFO: Run Behavior\ReadHtmlCacheBehavior [ RunTime:0.000523s ]
INFO: [ app_begin ] --END-- [ RunTime:0.000598s ]
SQL: SHOW COLUMNS FROM `type` [ RunTime:0.0023s ]
SQL: SELECT * FROM `type`  [ RunTime:0.0004s ]
SQL: select task.*,type.name  from task,type where task.type_id=type.id and date_format(date_time1,'%Y')<=2016 and date_format(time_plan,'%Y')>=2016 and task.id in ( select task_id from form where student_id=1) order by date_time1 [ RunTime:0.0040s ]
INFO: [ view_parse ] --START--
INFO: [ template_filter ] --START--
INFO: Run Behavior\ContentReplaceBehavior [ RunTime:0.000254s ]
INFO: [ template_filter ] --END-- [ RunTime:0.000319s ]
INFO: Run Behavior\ParseTemplateBehavior [ RunTime:0.011619s ]
INFO: [ view_parse ] --END-- [ RunTime:0.011675s ]
INFO: [ view_filter ] --START--
INFO: Run Behavior\WriteHtmlCacheBehavior [ RunTime:0.000158s ]
INFO: [ view_filter ] --END-- [ RunTime:0.000195s ]
INFO: [ app_end ] --START--
INFO: Run Behavior\ShowPageTraceBehavior [ RunTime:0.000694s ]
INFO: [ app_end ] --END-- [ RunTime:0.000752s ]

